{"numFailedTestSuites":22,"numFailedTests":68,"numPassedTestSuites":49,"numPassedTests":1010,"numPendingTestSuites":0,"numPendingTests":0,"numRuntimeErrorTestSuites":15,"numTodoTests":0,"numTotalTestSuites":71,"numTotalTests":1078,"openHandles":[],"snapshot":{"added":0,"didUpdate":false,"failure":false,"filesAdded":0,"filesRemoved":0,"filesRemovedList":[],"filesUnmatched":0,"filesUpdated":0,"matched":0,"total":0,"unchecked":0,"uncheckedKeysByFile":[],"unmatched":0,"updated":0},"startTime":1770094797572,"success":false,"testResults":[{"assertionResults":[{"ancestorTitles":["Edge Utils","getNodeNameByGUID"],"duration":12,"failureDetails":[],"failureMessages":[],"fullName":"Edge Utils getNodeNameByGUID returns node name when GUID exists","invocations":1,"location":null,"numPassingAsserts":1,"retryReasons":[],"status":"passed","title":"returns node name when GUID exists"},{"ancestorTitles":["Edge Utils","getNodeNameByGUID"],"duration":1,"failureDetails":[],"failureMessages":[],"fullName":"Edge Utils getNodeNameByGUID returns node name for different GUID","invocations":1,"location":null,"numPassingAsserts":1,"retryReasons":[],"status":"passed","title":"returns node name for different GUID"},{"ancestorTitles":["Edge Utils","getNodeNameByGUID"],"duration":1,"failureDetails":[],"failureMessages":[],"fullName":"Edge Utils getNodeNameByGUID returns GUID when node is not found","invocations":1,"location":null,"numPassingAsserts":1,"retryReasons":[],"status":"passed","title":"returns GUID when node is not found"},{"ancestorTitles":["Edge Utils","getNodeNameByGUID"],"duration":2,"failureDetails":[],"failureMessages":[],"fullName":"Edge Utils getNodeNameByGUID returns GUID when nodes list is empty","invocations":1,"location":null,"numPassingAsserts":1,"retryReasons":[],"status":"passed","title":"returns GUID when nodes list is empty"},{"ancestorTitles":["Edge Utils","getNodeNameByGUID"],"duration":2,"failureDetails":[],"failureMessages":[],"fullName":"Edge Utils getNodeNameByGUID returns GUID when nodes list is undefined","invocations":1,"location":null,"numPassingAsserts":1,"retryReasons":[],"status":"passed","title":"returns GUID when nodes list is undefined"},{"ancestorTitles":["Edge Utils","getNodeNameByGUID"],"duration":1,"failureDetails":[],"failureMessages":[],"fullName":"Edge Utils getNodeNameByGUID returns GUID when nodes list is null","invocations":1,"location":null,"numPassingAsserts":1,"retryReasons":[],"status":"passed","title":"returns GUID when nodes list is null"},{"ancestorTitles":["Edge Utils","getNodeNameByGUID"],"duration":0,"failureDetails":[],"failureMessages":[],"fullName":"Edge Utils getNodeNameByGUID returns N/A when GUID is empty string","invocations":1,"location":null,"numPassingAsserts":1,"retryReasons":[],"status":"passed","title":"returns N/A when GUID is empty string"},{"ancestorTitles":["Edge Utils","getNodeNameByGUID"],"duration":0,"failureDetails":[],"failureMessages":[],"fullName":"Edge Utils getNodeNameByGUID returns N/A when GUID is undefined","invocations":1,"location":null,"numPassingAsserts":1,"retryReasons":[],"status":"passed","title":"returns N/A when GUID is undefined"},{"ancestorTitles":["Edge Utils","getNodeNameByGUID"],"duration":1,"failureDetails":[],"failureMessages":[],"fullName":"Edge Utils getNodeNameByGUID returns N/A when GUID is null","invocations":1,"location":null,"numPassingAsserts":1,"retryReasons":[],"status":"passed","title":"returns N/A when GUID is null"},{"ancestorTitles":["Edge Utils","getNodeNameByGUID"],"duration":0,"failureDetails":[],"failureMessages":[],"fullName":"Edge Utils getNodeNameByGUID handles case-sensitive GUID matching","invocations":1,"location":null,"numPassingAsserts":1,"retryReasons":[],"status":"passed","title":"handles case-sensitive GUID matching"},{"ancestorTitles":["Edge Utils","getNodeNameByGUID"],"duration":1,"failureDetails":[],"failureMessages":[],"fullName":"Edge Utils getNodeNameByGUID handles GUID with special characters","invocations":1,"location":null,"numPassingAsserts":1,"retryReasons":[],"status":"passed","title":"handles GUID with special characters"},{"ancestorTitles":["Edge Utils","getNodeNameByGUID"],"duration":0,"failureDetails":[],"failureMessages":[],"fullName":"Edge Utils getNodeNameByGUID handles GUID with spaces","invocations":1,"location":null,"numPassingAsserts":1,"retryReasons":[],"status":"passed","title":"handles GUID with spaces"},{"ancestorTitles":["Edge Utils","getNodeNameByGUID"],"duration":1,"failureDetails":[],"failureMessages":[],"fullName":"Edge Utils getNodeNameByGUID handles very long GUID","invocations":1,"location":null,"numPassingAsserts":1,"retryReasons":[],"status":"passed","title":"handles very long GUID"},{"ancestorTitles":["Edge Utils","getNodeNameByGUID"],"duration":0,"failureDetails":[],"failureMessages":[],"fullName":"Edge Utils getNodeNameByGUID handles numeric GUID as string","invocations":1,"location":null,"numPassingAsserts":1,"retryReasons":[],"status":"passed","title":"handles numeric GUID as string"},{"ancestorTitles":["Edge Utils","transformEdgeDataForTable"],"duration":1,"failureDetails":[],"failureMessages":[],"fullName":"Edge Utils transformEdgeDataForTable transforms edges with valid nodes correctly","invocations":1,"location":null,"numPassingAsserts":7,"retryReasons":[],"status":"passed","title":"transforms edges with valid nodes correctly"},{"ancestorTitles":["Edge Utils","transformEdgeDataForTable"],"duration":2,"failureDetails":[],"failureMessages":[],"fullName":"Edge Utils transformEdgeDataForTable preserves all original edge properties","invocations":1,"location":null,"numPassingAsserts":1,"retryReasons":[],"status":"passed","title":"preserves all original edge properties"},{"ancestorTitles":["Edge Utils","transformEdgeDataForTable"],"duration":1,"failureDetails":[],"failureMessages":[],"fullName":"Edge Utils transformEdgeDataForTable handles edges with missing source nodes","invocations":1,"location":null,"numPassingAsserts":3,"retryReasons":[],"status":"passed","title":"handles edges with missing source nodes"},{"ancestorTitles":["Edge Utils","transformEdgeDataForTable"],"duration":1,"failureDetails":[],"failureMessages":[],"fullName":"Edge Utils transformEdgeDataForTable handles edges with missing target nodes","invocations":1,"location":null,"numPassingAsserts":3,"retryReasons":[],"status":"passed","title":"handles edges with missing target nodes"},{"ancestorTitles":["Edge Utils","transformEdgeDataForTable"],"duration":0,"failureDetails":[],"failureMessages":[],"fullName":"Edge Utils transformEdgeDataForTable handles edges with both missing source and target nodes","invocations":1,"location":null,"numPassingAsserts":3,"retryReasons":[],"status":"passed","title":"handles edges with both missing source and target nodes"},{"ancestorTitles":["Edge Utils","transformEdgeDataForTable"],"duration":1,"failureDetails":[],"failureMessages":[],"fullName":"Edge Utils transformEdgeDataForTable handles empty edges array","invocations":1,"location":null,"numPassingAsserts":2,"retryReasons":[],"status":"passed","title":"handles empty edges array"},{"ancestorTitles":["Edge Utils","transformEdgeDataForTable"],"duration":0,"failureDetails":[],"failureMessages":[],"fullName":"Edge Utils transformEdgeDataForTable handles undefined edges array","invocations":1,"location":null,"numPassingAsserts":2,"retryReasons":[],"status":"passed","title":"handles undefined edges array"},{"ancestorTitles":["Edge Utils","transformEdgeDataForTable"],"duration":1,"failureDetails":[],"failureMessages":[],"fullName":"Edge Utils transformEdgeDataForTable handles null edges array","invocations":1,"location":null,"numPassingAsserts":2,"retryReasons":[],"status":"passed","title":"handles null edges array"},{"ancestorTitles":["Edge Utils","transformEdgeDataForTable"],"duration":0,"failureDetails":[],"failureMessages":[],"fullName":"Edge Utils transformEdgeDataForTable handles empty nodes array","invocations":1,"location":null,"numPassingAsserts":5,"retryReasons":[],"status":"passed","title":"handles empty nodes array"},{"ancestorTitles":["Edge Utils","transformEdgeDataForTable"],"duration":1,"failureDetails":[],"failureMessages":[],"fullName":"Edge Utils transformEdgeDataForTable handles undefined nodes array","invocations":1,"location":null,"numPassingAsserts":5,"retryReasons":[],"status":"passed","title":"handles undefined nodes array"},{"ancestorTitles":["Edge Utils","transformEdgeDataForTable"],"duration":1,"failureDetails":[],"failureMessages":[],"fullName":"Edge Utils transformEdgeDataForTable handles null nodes array","invocations":1,"location":null,"numPassingAsserts":5,"retryReasons":[],"status":"passed","title":"handles null nodes array"},{"ancestorTitles":["Edge Utils","transformEdgeDataForTable"],"duration":2,"failureDetails":[],"failureMessages":[],"fullName":"Edge Utils transformEdgeDataForTable handles edges with missing properties","invocations":1,"location":null,"numPassingAsserts":4,"retryReasons":[],"status":"passed","title":"handles edges with missing properties"},{"ancestorTitles":["Edge Utils","transformEdgeDataForTable"],"duration":0,"failureDetails":[],"failureMessages":[],"fullName":"Edge Utils transformEdgeDataForTable handles edges with null/undefined values","invocations":1,"location":null,"numPassingAsserts":3,"retryReasons":[],"status":"passed","title":"handles edges with null/undefined values"},{"ancestorTitles":["Edge Utils","transformEdgeDataForTable"],"duration":1,"failureDetails":[],"failureMessages":[],"fullName":"Edge Utils transformEdgeDataForTable handles edges with empty string values","invocations":1,"location":null,"numPassingAsserts":3,"retryReasons":[],"status":"passed","title":"handles edges with empty string values"},{"ancestorTitles":["Edge Utils","transformEdgeDataForTable"],"duration":0,"failureDetails":[],"failureMessages":[],"fullName":"Edge Utils transformEdgeDataForTable handles edges with numeric string GUIDs","invocations":1,"location":null,"numPassingAsserts":3,"retryReasons":[],"status":"passed","title":"handles edges with numeric string GUIDs"},{"ancestorTitles":["Edge Utils","transformEdgeDataForTable"],"duration":0,"failureDetails":[],"failureMessages":[],"fullName":"Edge Utils transformEdgeDataForTable handles edges with special characters in GUIDs","invocations":1,"location":null,"numPassingAsserts":3,"retryReasons":[],"status":"passed","title":"handles edges with special characters in GUIDs"},{"ancestorTitles":["Edge Utils","transformEdgeDataForTable"],"duration":0,"failureDetails":[],"failureMessages":[],"fullName":"Edge Utils transformEdgeDataForTable handles edges with very long GUIDs","invocations":1,"location":null,"numPassingAsserts":3,"retryReasons":[],"status":"passed","title":"handles edges with very long GUIDs"},{"ancestorTitles":["Edge Utils","transformEdgeDataForTable"],"duration":1,"failureDetails":[],"failureMessages":[],"fullName":"Edge Utils transformEdgeDataForTable handles mixed case scenarios","invocations":1,"location":null,"numPassingAsserts":3,"retryReasons":[],"status":"passed","title":"handles mixed case scenarios"},{"ancestorTitles":["Edge Utils","transformEdgeDataForTable"],"duration":1,"failureDetails":[],"failureMessages":[],"fullName":"Edge Utils transformEdgeDataForTable handles edges with whitespace in GUIDs","invocations":1,"location":null,"numPassingAsserts":3,"retryReasons":[],"status":"passed","title":"handles edges with whitespace in GUIDs"}],"endTime":1770094809556,"message":"","name":"C:\\Code\\LiteGraph\\litegraph\\dashboard\\src\\tests\\page\\edges\\utils.test.ts","startTime":1770094802339,"status":"passed","summary":""},{"assertionResults":[{"ancestorTitles":["TagsInput Utils","convertTagsToRecord"],"duration":10,"failureDetails":[],"failureMessages":[],"fullName":"TagsInput Utils convertTagsToRecord converts empty array to empty record","invocations":1,"location":null,"numPassingAsserts":1,"retryReasons":[],"status":"passed","title":"converts empty array to empty record"},{"ancestorTitles":["TagsInput Utils","convertTagsToRecord"],"duration":1,"failureDetails":[],"failureMessages":[],"fullName":"TagsInput Utils convertTagsToRecord converts single tag to record","invocations":1,"location":null,"numPassingAsserts":1,"retryReasons":[],"status":"passed","title":"converts single tag to record"},{"ancestorTitles":["TagsInput Utils","convertTagsToRecord"],"duration":0,"failureDetails":[],"failureMessages":[],"fullName":"TagsInput Utils convertTagsToRecord converts multiple tags to record","invocations":1,"location":null,"numPassingAsserts":1,"retryReasons":[],"status":"passed","title":"converts multiple tags to record"},{"ancestorTitles":["TagsInput Utils","convertTagsToRecord"],"duration":1,"failureDetails":[],"failureMessages":[],"fullName":"TagsInput Utils convertTagsToRecord handles tags with empty strings","invocations":1,"location":null,"numPassingAsserts":1,"retryReasons":[],"status":"passed","title":"handles tags with empty strings"},{"ancestorTitles":["TagsInput Utils","convertTagsToRecord"],"duration":0,"failureDetails":[],"failureMessages":[],"fullName":"TagsInput Utils convertTagsToRecord handles tags with whitespace-only values","invocations":1,"location":null,"numPassingAsserts":1,"retryReasons":[],"status":"passed","title":"handles tags with whitespace-only values"},{"ancestorTitles":["TagsInput Utils","convertTagsToRecord"],"duration":0,"failureDetails":[],"failureMessages":[],"fullName":"TagsInput Utils convertTagsToRecord handles tags with special characters","invocations":1,"location":null,"numPassingAsserts":1,"retryReasons":[],"status":"passed","title":"handles tags with special characters"},{"ancestorTitles":["TagsInput Utils","convertTagsToRecord"],"duration":1,"failureDetails":[],"failureMessages":[],"fullName":"TagsInput Utils convertTagsToRecord handles tags with unicode characters","invocations":1,"location":null,"numPassingAsserts":1,"retryReasons":[],"status":"passed","title":"handles tags with unicode characters"},{"ancestorTitles":["TagsInput Utils","convertTagsToRecord"],"duration":0,"failureDetails":[],"failureMessages":[],"fullName":"TagsInput Utils convertTagsToRecord handles tags with numbers as strings","invocations":1,"location":null,"numPassingAsserts":1,"retryReasons":[],"status":"passed","title":"handles tags with numbers as strings"},{"ancestorTitles":["TagsInput Utils","convertTagsToRecord"],"duration":0,"failureDetails":[],"failureMessages":[],"fullName":"TagsInput Utils convertTagsToRecord handles tags with boolean-like strings","invocations":1,"location":null,"numPassingAsserts":1,"retryReasons":[],"status":"passed","title":"handles tags with boolean-like strings"},{"ancestorTitles":["TagsInput Utils","convertTagsToRecord"],"duration":0,"failureDetails":[],"failureMessages":[],"fullName":"TagsInput Utils convertTagsToRecord handles tags with JSON-like strings","invocations":1,"location":null,"numPassingAsserts":1,"retryReasons":[],"status":"passed","title":"handles tags with JSON-like strings"},{"ancestorTitles":["TagsInput Utils","convertTagsToRecord"],"duration":0,"failureDetails":[],"failureMessages":[],"fullName":"TagsInput Utils convertTagsToRecord handles tags with very long values","invocations":1,"location":null,"numPassingAsserts":1,"retryReasons":[],"status":"passed","title":"handles tags with very long values"},{"ancestorTitles":["TagsInput Utils","convertTagsToRecord"],"duration":1,"failureDetails":[],"failureMessages":[],"fullName":"TagsInput Utils convertTagsToRecord handles tags with duplicate keys (last one wins)","invocations":1,"location":null,"numPassingAsserts":1,"retryReasons":[],"status":"passed","title":"handles tags with duplicate keys (last one wins)"},{"ancestorTitles":["TagsInput Utils","convertTagsToRecord"],"duration":0,"failureDetails":[],"failureMessages":[],"fullName":"TagsInput Utils convertTagsToRecord handles tags with empty keys","invocations":1,"location":null,"numPassingAsserts":1,"retryReasons":[],"status":"passed","title":"handles tags with empty keys"},{"ancestorTitles":["TagsInput Utils","convertTagsToRecord"],"duration":0,"failureDetails":[],"failureMessages":[],"fullName":"TagsInput Utils convertTagsToRecord handles tags with whitespace-only keys","invocations":1,"location":null,"numPassingAsserts":1,"retryReasons":[],"status":"passed","title":"handles tags with whitespace-only keys"},{"ancestorTitles":["TagsInput Utils","convertTagsToRecord"],"duration":0,"failureDetails":[],"failureMessages":[],"fullName":"TagsInput Utils convertTagsToRecord handles tags with null-like values","invocations":1,"location":null,"numPassingAsserts":1,"retryReasons":[],"status":"passed","title":"handles tags with null-like values"},{"ancestorTitles":["TagsInput Utils","convertTagsToRecord"],"duration":0,"failureDetails":[],"failureMessages":[],"fullName":"TagsInput Utils convertTagsToRecord handles tags with HTML-like content","invocations":1,"location":null,"numPassingAsserts":1,"retryReasons":[],"status":"passed","title":"handles tags with HTML-like content"},{"ancestorTitles":["TagsInput Utils","convertTagsToRecord"],"duration":0,"failureDetails":[],"failureMessages":[],"fullName":"TagsInput Utils convertTagsToRecord handles tags with newlines and tabs","invocations":1,"location":null,"numPassingAsserts":1,"retryReasons":[],"status":"passed","title":"handles tags with newlines and tabs"},{"ancestorTitles":["TagsInput Utils","convertTagsToRecord"],"duration":1,"failureDetails":[],"failureMessages":[],"fullName":"TagsInput Utils convertTagsToRecord handles tags with URL-like values","invocations":1,"location":null,"numPassingAsserts":1,"retryReasons":[],"status":"passed","title":"handles tags with URL-like values"},{"ancestorTitles":["TagsInput Utils","convertTagsToRecord"],"duration":0,"failureDetails":[],"failureMessages":[],"fullName":"TagsInput Utils convertTagsToRecord handles tags with email-like values","invocations":1,"location":null,"numPassingAsserts":1,"retryReasons":[],"status":"passed","title":"handles tags with email-like values"},{"ancestorTitles":["TagsInput Utils","convertTagsToRecord"],"duration":0,"failureDetails":[],"failureMessages":[],"fullName":"TagsInput Utils convertTagsToRecord handles tags with date-like strings","invocations":1,"location":null,"numPassingAsserts":1,"retryReasons":[],"status":"passed","title":"handles tags with date-like strings"},{"ancestorTitles":["TagsInput Utils","convertTagsToRecord"],"duration":1,"failureDetails":[],"failureMessages":[],"fullName":"TagsInput Utils convertTagsToRecord handles tags with array-like strings","invocations":1,"location":null,"numPassingAsserts":1,"retryReasons":[],"status":"passed","title":"handles tags with array-like strings"},{"ancestorTitles":["TagsInput Utils","convertTagsToRecord"],"duration":0,"failureDetails":[],"failureMessages":[],"fullName":"TagsInput Utils convertTagsToRecord handles tags with object-like strings","invocations":1,"location":null,"numPassingAsserts":1,"retryReasons":[],"status":"passed","title":"handles tags with object-like strings"},{"ancestorTitles":["TagsInput Utils","convertTagsToRecord"],"duration":0,"failureDetails":[],"failureMessages":[],"fullName":"TagsInput Utils convertTagsToRecord handles tags with XML-like content","invocations":1,"location":null,"numPassingAsserts":1,"retryReasons":[],"status":"passed","title":"handles tags with XML-like content"},{"ancestorTitles":["TagsInput Utils","convertTagsToRecord"],"duration":0,"failureDetails":[],"failureMessages":[],"fullName":"TagsInput Utils convertTagsToRecord handles tags with SQL-like content","invocations":1,"location":null,"numPassingAsserts":1,"retryReasons":[],"status":"passed","title":"handles tags with SQL-like content"},{"ancestorTitles":["TagsInput Utils","convertTagsToRecord"],"duration":1,"failureDetails":[],"failureMessages":[],"fullName":"TagsInput Utils convertTagsToRecord handles tags with regex-like content","invocations":1,"location":null,"numPassingAsserts":1,"retryReasons":[],"status":"passed","title":"handles tags with regex-like content"},{"ancestorTitles":["TagsInput Utils","convertTagsToRecord"],"duration":0,"failureDetails":[],"failureMessages":[],"fullName":"TagsInput Utils convertTagsToRecord handles tags with markdown-like content","invocations":1,"location":null,"numPassingAsserts":1,"retryReasons":[],"status":"passed","title":"handles tags with markdown-like content"},{"ancestorTitles":["TagsInput Utils","convertTagsToRecord"],"duration":0,"failureDetails":[],"failureMessages":[],"fullName":"TagsInput Utils convertTagsToRecord handles tags with base64-like content","invocations":1,"location":null,"numPassingAsserts":1,"retryReasons":[],"status":"passed","title":"handles tags with base64-like content"},{"ancestorTitles":["TagsInput Utils","convertTagsToRecord"],"duration":0,"failureDetails":[],"failureMessages":[],"fullName":"TagsInput Utils convertTagsToRecord handles tags with very large numbers as strings","invocations":1,"location":null,"numPassingAsserts":1,"retryReasons":[],"status":"passed","title":"handles tags with very large numbers as strings"},{"ancestorTitles":["TagsInput Utils","convertTagsToRecord"],"duration":0,"failureDetails":[],"failureMessages":[],"fullName":"TagsInput Utils convertTagsToRecord handles tags with escaped characters","invocations":1,"location":null,"numPassingAsserts":1,"retryReasons":[],"status":"passed","title":"handles tags with escaped characters"}],"endTime":1770094809926,"message":"","name":"C:\\Code\\LiteGraph\\litegraph\\dashboard\\src\\tests\\components\\inputs\\tags-input\\utils.test.tsx","startTime":1770094802792,"status":"passed","summary":""},{"assertionResults":[{"ancestorTitles":["authHooks","useFetchUserDetails"],"duration":41,"failureDetails":[],"failureMessages":[],"fullName":"authHooks useFetchUserDetails should return fetchUserDetails function and isLoading state","invocations":1,"location":null,"numPassingAsserts":3,"retryReasons":[],"status":"passed","title":"should return fetchUserDetails function and isLoading state"},{"ancestorTitles":["authHooks","useFetchUserDetails"],"duration":8,"failureDetails":[],"failureMessages":[],"fullName":"authHooks useFetchUserDetails should fetch user details and store in Redux when storeInRedux is true (default)","invocations":1,"location":null,"numPassingAsserts":3,"retryReasons":[],"status":"passed","title":"should fetch user details and store in Redux when storeInRedux is true (default)"},{"ancestorTitles":["authHooks","useFetchUserDetails"],"duration":14,"failureDetails":[],"failureMessages":[],"fullName":"authHooks useFetchUserDetails should fetch user details and store in Redux when storeInRedux is explicitly true","invocations":1,"location":null,"numPassingAsserts":3,"retryReasons":[],"status":"passed","title":"should fetch user details and store in Redux when storeInRedux is explicitly true"},{"ancestorTitles":["authHooks","useFetchUserDetails"],"duration":3,"failureDetails":[],"failureMessages":[],"fullName":"authHooks useFetchUserDetails should fetch user details but not store in Redux when storeInRedux is false","invocations":1,"location":null,"numPassingAsserts":3,"retryReasons":[],"status":"passed","title":"should fetch user details but not store in Redux when storeInRedux is false"},{"ancestorTitles":["authHooks","useFetchUserDetails"],"duration":6,"failureDetails":[],"failureMessages":[],"fullName":"authHooks useFetchUserDetails should not store user in Redux when response has no GUID","invocations":1,"location":null,"numPassingAsserts":3,"retryReasons":[],"status":"passed","title":"should not store user in Redux when response has no GUID"},{"ancestorTitles":["authHooks","useFetchUserDetails"],"duration":5,"failureDetails":[],"failureMessages":[],"fullName":"authHooks useFetchUserDetails should not store user in Redux when response is null","invocations":1,"location":null,"numPassingAsserts":3,"retryReasons":[],"status":"passed","title":"should not store user in Redux when response is null"},{"ancestorTitles":["authHooks","useFetchUserDetails"],"duration":15,"failureDetails":[],"failureMessages":[],"fullName":"authHooks useFetchUserDetails should handle fetchUser rejection gracefully","invocations":1,"location":null,"numPassingAsserts":4,"retryReasons":[],"status":"passed","title":"should handle fetchUser rejection gracefully"},{"ancestorTitles":["authHooks","useFetchUserDetails"],"duration":2,"failureDetails":[],"failureMessages":[],"fullName":"authHooks useFetchUserDetails should return loading state from useGetUser","invocations":1,"location":null,"numPassingAsserts":1,"retryReasons":[],"status":"passed","title":"should return loading state from useGetUser"},{"ancestorTitles":["authHooks","useCredentialsToLogin"],"duration":2,"failureDetails":[],"failureMessages":[],"fullName":"authHooks useCredentialsToLogin should return loginWithCredentials function","invocations":1,"location":null,"numPassingAsserts":2,"retryReasons":[],"status":"passed","title":"should return loginWithCredentials function"},{"ancestorTitles":["authHooks","useCredentialsToLogin"],"duration":2,"failureDetails":[],"failureMessages":[],"fullName":"authHooks useCredentialsToLogin should dispatch storeToken and storeTenant actions when called","invocations":1,"location":null,"numPassingAsserts":5,"retryReasons":[],"status":"passed","title":"should dispatch storeToken and storeTenant actions when called"},{"ancestorTitles":["authHooks","useCredentialsToLogin"],"duration":1,"failureDetails":[],"failureMessages":[],"fullName":"authHooks useCredentialsToLogin should handle empty token object","invocations":1,"location":null,"numPassingAsserts":3,"retryReasons":[],"status":"passed","title":"should handle empty token object"},{"ancestorTitles":["authHooks","useCredentialsToLogin"],"duration":2,"failureDetails":[],"failureMessages":[],"fullName":"authHooks useCredentialsToLogin should handle empty tenant object","invocations":1,"location":null,"numPassingAsserts":3,"retryReasons":[],"status":"passed","title":"should handle empty tenant object"},{"ancestorTitles":["authHooks","useAdminCredentialsToLogin"],"duration":2,"failureDetails":[],"failureMessages":[],"fullName":"authHooks useAdminCredentialsToLogin should return loginWithAdminCredentials function","invocations":1,"location":null,"numPassingAsserts":2,"retryReasons":[],"status":"passed","title":"should return loginWithAdminCredentials function"},{"ancestorTitles":["authHooks","useAdminCredentialsToLogin"],"duration":3,"failureDetails":[],"failureMessages":[],"fullName":"authHooks useAdminCredentialsToLogin should dispatch storeAdminAccessKey action when called","invocations":1,"location":null,"numPassingAsserts":3,"retryReasons":[],"status":"passed","title":"should dispatch storeAdminAccessKey action when called"},{"ancestorTitles":["authHooks","useAdminCredentialsToLogin"],"duration":2,"failureDetails":[],"failureMessages":[],"fullName":"authHooks useAdminCredentialsToLogin should handle empty access key","invocations":1,"location":null,"numPassingAsserts":2,"retryReasons":[],"status":"passed","title":"should handle empty access key"},{"ancestorTitles":["authHooks","useAdminCredentialsToLogin"],"duration":4,"failureDetails":[],"failureMessages":[],"fullName":"authHooks useAdminCredentialsToLogin should handle null access key","invocations":1,"location":null,"numPassingAsserts":2,"retryReasons":[],"status":"passed","title":"should handle null access key"},{"ancestorTitles":["authHooks","useLogout"],"duration":2,"failureDetails":[],"failureMessages":[],"fullName":"authHooks useLogout should return logOutFromSystem function","invocations":1,"location":null,"numPassingAsserts":2,"retryReasons":[],"status":"passed","title":"should return logOutFromSystem function"},{"ancestorTitles":["authHooks","useLogout"],"duration":2,"failureDetails":[],"failureMessages":[],"fullName":"authHooks useLogout should dispatch logOut action with path when called with path","invocations":1,"location":null,"numPassingAsserts":3,"retryReasons":[],"status":"passed","title":"should dispatch logOut action with path when called with path"},{"ancestorTitles":["authHooks","useLogout"],"duration":2,"failureDetails":[],"failureMessages":[],"fullName":"authHooks useLogout should dispatch logOut action without path when called without arguments","invocations":1,"location":null,"numPassingAsserts":3,"retryReasons":[],"status":"passed","title":"should dispatch logOut action without path when called without arguments"},{"ancestorTitles":["authHooks","useLogout"],"duration":2,"failureDetails":[],"failureMessages":[],"fullName":"authHooks useLogout should handle empty string path","invocations":1,"location":null,"numPassingAsserts":3,"retryReasons":[],"status":"passed","title":"should handle empty string path"},{"ancestorTitles":["authHooks","useLogout"],"duration":1,"failureDetails":[],"failureMessages":[],"fullName":"authHooks useLogout should handle null path","invocations":1,"location":null,"numPassingAsserts":3,"retryReasons":[],"status":"passed","title":"should handle null path"}],"endTime":1770094810002,"message":"","name":"C:\\Code\\LiteGraph\\litegraph\\dashboard\\src\\tests\\hooks\\authHooks.test.ts","startTime":1770094802435,"status":"passed","summary":""},{"assertionResults":[{"ancestorTitles":["RootLayout Component"],"duration":189,"failureDetails":[],"failureMessages":[],"fullName":"RootLayout Component renders without crashing","invocations":1,"location":null,"numPassingAsserts":1,"retryReasons":[],"status":"passed","title":"renders without crashing"},{"ancestorTitles":["RootLayout Component"],"duration":18,"failureDetails":[{"message":"expect(received).toHaveAttribute()\n\nreceived value must be an HTMLElement or an SVGElement.\nReceived has value: null"}],"failureMessages":["Error: expect(received).toHaveAttribute()\n\nreceived value must be an HTMLElement or an SVGElement.\nReceived has value: null\n    at __EXTERNAL_MATCHER_TRAP__ (C:\\Code\\LiteGraph\\litegraph\\dashboard\\node_modules\\expect\\build\\index.js:325:30)\n    at Object.throwingMatcher (C:\\Code\\LiteGraph\\litegraph\\dashboard\\node_modules\\expect\\build\\index.js:326:15)\n    at Object.toHaveAttribute (C:\\Code\\LiteGraph\\litegraph\\dashboard\\src\\tests\\app\\layout.test.tsx:62:25)\n    at Promise.then.completed (C:\\Code\\LiteGraph\\litegraph\\dashboard\\node_modules\\jest-circus\\build\\utils.js:298:28)\n    at new Promise (<anonymous>)\n    at callAsyncCircusFn (C:\\Code\\LiteGraph\\litegraph\\dashboard\\node_modules\\jest-circus\\build\\utils.js:231:10)\n    at _callCircusTest (C:\\Code\\LiteGraph\\litegraph\\dashboard\\node_modules\\jest-circus\\build\\run.js:316:40)\n    at processTicksAndRejections (node:internal/process/task_queues:103:5)\n    at _runTest (C:\\Code\\LiteGraph\\litegraph\\dashboard\\node_modules\\jest-circus\\build\\run.js:252:3)\n    at _runTestsForDescribeBlock (C:\\Code\\LiteGraph\\litegraph\\dashboard\\node_modules\\jest-circus\\build\\run.js:126:9)\n    at _runTestsForDescribeBlock (C:\\Code\\LiteGraph\\litegraph\\dashboard\\node_modules\\jest-circus\\build\\run.js:121:9)\n    at run (C:\\Code\\LiteGraph\\litegraph\\dashboard\\node_modules\\jest-circus\\build\\run.js:71:3)\n    at runAndTransformResultsToJestFormat (C:\\Code\\LiteGraph\\litegraph\\dashboard\\node_modules\\jest-circus\\build\\legacy-code-todo-rewrite\\jestAdapterInit.js:122:21)\n    at jestAdapter (C:\\Code\\LiteGraph\\litegraph\\dashboard\\node_modules\\jest-circus\\build\\legacy-code-todo-rewrite\\jestAdapter.js:79:19)\n    at runTestInternal (C:\\Code\\LiteGraph\\litegraph\\dashboard\\node_modules\\jest-runner\\build\\runTest.js:367:16)\n    at runTest (C:\\Code\\LiteGraph\\litegraph\\dashboard\\node_modules\\jest-runner\\build\\runTest.js:444:34)\n    at Object.worker (C:\\Code\\LiteGraph\\litegraph\\dashboard\\node_modules\\jest-runner\\build\\testWorker.js:106:12)"],"fullName":"RootLayout Component renders html element with correct lang attribute","invocations":1,"location":null,"numPassingAsserts":0,"retryReasons":[],"status":"failed","title":"renders html element with correct lang attribute"},{"ancestorTitles":["RootLayout Component"],"duration":15,"failureDetails":[{"message":"expect(received).toBeInTheDocument()\n\nreceived value must be an HTMLElement or an SVGElement.\nReceived has value: null"}],"failureMessages":["Error: expect(received).toBeInTheDocument()\n\nreceived value must be an HTMLElement or an SVGElement.\nReceived has value: null\n    at __EXTERNAL_MATCHER_TRAP__ (C:\\Code\\LiteGraph\\litegraph\\dashboard\\node_modules\\expect\\build\\index.js:325:30)\n    at Object.throwingMatcher [as toBeInTheDocument] (C:\\Code\\LiteGraph\\litegraph\\dashboard\\node_modules\\expect\\build\\index.js:326:15)\n    at Object.toBeInTheDocument (C:\\Code\\LiteGraph\\litegraph\\dashboard\\src\\tests\\app\\layout.test.tsx:73:25)\n    at Promise.then.completed (C:\\Code\\LiteGraph\\litegraph\\dashboard\\node_modules\\jest-circus\\build\\utils.js:298:28)\n    at new Promise (<anonymous>)\n    at callAsyncCircusFn (C:\\Code\\LiteGraph\\litegraph\\dashboard\\node_modules\\jest-circus\\build\\utils.js:231:10)\n    at _callCircusTest (C:\\Code\\LiteGraph\\litegraph\\dashboard\\node_modules\\jest-circus\\build\\run.js:316:40)\n    at processTicksAndRejections (node:internal/process/task_queues:103:5)\n    at _runTest (C:\\Code\\LiteGraph\\litegraph\\dashboard\\node_modules\\jest-circus\\build\\run.js:252:3)\n    at _runTestsForDescribeBlock (C:\\Code\\LiteGraph\\litegraph\\dashboard\\node_modules\\jest-circus\\build\\run.js:126:9)\n    at _runTestsForDescribeBlock (C:\\Code\\LiteGraph\\litegraph\\dashboard\\node_modules\\jest-circus\\build\\run.js:121:9)\n    at run (C:\\Code\\LiteGraph\\litegraph\\dashboard\\node_modules\\jest-circus\\build\\run.js:71:3)\n    at runAndTransformResultsToJestFormat (C:\\Code\\LiteGraph\\litegraph\\dashboard\\node_modules\\jest-circus\\build\\legacy-code-todo-rewrite\\jestAdapterInit.js:122:21)\n    at jestAdapter (C:\\Code\\LiteGraph\\litegraph\\dashboard\\node_modules\\jest-circus\\build\\legacy-code-todo-rewrite\\jestAdapter.js:79:19)\n    at runTestInternal (C:\\Code\\LiteGraph\\litegraph\\dashboard\\node_modules\\jest-runner\\build\\runTest.js:367:16)\n    at runTest (C:\\Code\\LiteGraph\\litegraph\\dashboard\\node_modules\\jest-runner\\build\\runTest.js:444:34)\n    at Object.worker (C:\\Code\\LiteGraph\\litegraph\\dashboard\\node_modules\\jest-runner\\build\\testWorker.js:106:12)"],"fullName":"RootLayout Component renders head element with favicon links","invocations":1,"location":null,"numPassingAsserts":0,"retryReasons":[],"status":"failed","title":"renders head element with favicon links"},{"ancestorTitles":["RootLayout Component"],"duration":15,"failureDetails":[{"message":"expect(received).toHaveAttribute()\n\nreceived value must be an HTMLElement or an SVGElement.\nReceived has value: null"}],"failureMessages":["Error: expect(received).toHaveAttribute()\n\nreceived value must be an HTMLElement or an SVGElement.\nReceived has value: null\n    at __EXTERNAL_MATCHER_TRAP__ (C:\\Code\\LiteGraph\\litegraph\\dashboard\\node_modules\\expect\\build\\index.js:325:30)\n    at Object.throwingMatcher (C:\\Code\\LiteGraph\\litegraph\\dashboard\\node_modules\\expect\\build\\index.js:326:15)\n    at Object.toHaveAttribute (C:\\Code\\LiteGraph\\litegraph\\dashboard\\src\\tests\\app\\layout.test.tsx:88:28)\n    at Promise.then.completed (C:\\Code\\LiteGraph\\litegraph\\dashboard\\node_modules\\jest-circus\\build\\utils.js:298:28)\n    at new Promise (<anonymous>)\n    at callAsyncCircusFn (C:\\Code\\LiteGraph\\litegraph\\dashboard\\node_modules\\jest-circus\\build\\utils.js:231:10)\n    at _callCircusTest (C:\\Code\\LiteGraph\\litegraph\\dashboard\\node_modules\\jest-circus\\build\\run.js:316:40)\n    at processTicksAndRejections (node:internal/process/task_queues:103:5)\n    at _runTest (C:\\Code\\LiteGraph\\litegraph\\dashboard\\node_modules\\jest-circus\\build\\run.js:252:3)\n    at _runTestsForDescribeBlock (C:\\Code\\LiteGraph\\litegraph\\dashboard\\node_modules\\jest-circus\\build\\run.js:126:9)\n    at _runTestsForDescribeBlock (C:\\Code\\LiteGraph\\litegraph\\dashboard\\node_modules\\jest-circus\\build\\run.js:121:9)\n    at run (C:\\Code\\LiteGraph\\litegraph\\dashboard\\node_modules\\jest-circus\\build\\run.js:71:3)\n    at runAndTransformResultsToJestFormat (C:\\Code\\LiteGraph\\litegraph\\dashboard\\node_modules\\jest-circus\\build\\legacy-code-todo-rewrite\\jestAdapterInit.js:122:21)\n    at jestAdapter (C:\\Code\\LiteGraph\\litegraph\\dashboard\\node_modules\\jest-circus\\build\\legacy-code-todo-rewrite\\jestAdapter.js:79:19)\n    at runTestInternal (C:\\Code\\LiteGraph\\litegraph\\dashboard\\node_modules\\jest-runner\\build\\runTest.js:367:16)\n    at runTest (C:\\Code\\LiteGraph\\litegraph\\dashboard\\node_modules\\jest-runner\\build\\runTest.js:444:34)\n    at Object.worker (C:\\Code\\LiteGraph\\litegraph\\dashboard\\node_modules\\jest-runner\\build\\testWorker.js:106:12)"],"fullName":"RootLayout Component renders apple touch icon link","invocations":1,"location":null,"numPassingAsserts":0,"retryReasons":[],"status":"failed","title":"renders apple touch icon link"},{"ancestorTitles":["RootLayout Component"],"duration":15,"failureDetails":[{"matcherResult":{"message":"expect(received).toHaveLength(expected)\n\nExpected length: 2\nReceived length: 0\nReceived object: []","pass":false}}],"failureMessages":["Error: expect(received).toHaveLength(expected)\n\nExpected length: 2\nReceived length: 0\nReceived object: []\n    at Object.toHaveLength (C:\\Code\\LiteGraph\\litegraph\\dashboard\\src\\tests\\app\\layout.test.tsx:101:29)\n    at Promise.then.completed (C:\\Code\\LiteGraph\\litegraph\\dashboard\\node_modules\\jest-circus\\build\\utils.js:298:28)\n    at new Promise (<anonymous>)\n    at callAsyncCircusFn (C:\\Code\\LiteGraph\\litegraph\\dashboard\\node_modules\\jest-circus\\build\\utils.js:231:10)\n    at _callCircusTest (C:\\Code\\LiteGraph\\litegraph\\dashboard\\node_modules\\jest-circus\\build\\run.js:316:40)\n    at processTicksAndRejections (node:internal/process/task_queues:103:5)\n    at _runTest (C:\\Code\\LiteGraph\\litegraph\\dashboard\\node_modules\\jest-circus\\build\\run.js:252:3)\n    at _runTestsForDescribeBlock (C:\\Code\\LiteGraph\\litegraph\\dashboard\\node_modules\\jest-circus\\build\\run.js:126:9)\n    at _runTestsForDescribeBlock (C:\\Code\\LiteGraph\\litegraph\\dashboard\\node_modules\\jest-circus\\build\\run.js:121:9)\n    at run (C:\\Code\\LiteGraph\\litegraph\\dashboard\\node_modules\\jest-circus\\build\\run.js:71:3)\n    at runAndTransformResultsToJestFormat (C:\\Code\\LiteGraph\\litegraph\\dashboard\\node_modules\\jest-circus\\build\\legacy-code-todo-rewrite\\jestAdapterInit.js:122:21)\n    at jestAdapter (C:\\Code\\LiteGraph\\litegraph\\dashboard\\node_modules\\jest-circus\\build\\legacy-code-todo-rewrite\\jestAdapter.js:79:19)\n    at runTestInternal (C:\\Code\\LiteGraph\\litegraph\\dashboard\\node_modules\\jest-runner\\build\\runTest.js:367:16)\n    at runTest (C:\\Code\\LiteGraph\\litegraph\\dashboard\\node_modules\\jest-runner\\build\\runTest.js:444:34)\n    at Object.worker (C:\\Code\\LiteGraph\\litegraph\\dashboard\\node_modules\\jest-runner\\build\\testWorker.js:106:12)"],"fullName":"RootLayout Component renders Google Fonts preconnect links","invocations":1,"location":null,"numPassingAsserts":0,"retryReasons":[],"status":"failed","title":"renders Google Fonts preconnect links"},{"ancestorTitles":["RootLayout Component"],"duration":12,"failureDetails":[{"message":"expect(received).toHaveClass()\n\nreceived value must be an HTMLElement or an SVGElement.\nReceived has value: null"}],"failureMessages":["Error: expect(received).toHaveClass()\n\nreceived value must be an HTMLElement or an SVGElement.\nReceived has value: null\n    at __EXTERNAL_MATCHER_TRAP__ (C:\\Code\\LiteGraph\\litegraph\\dashboard\\node_modules\\expect\\build\\index.js:325:30)\n    at Object.throwingMatcher [as toHaveClass] (C:\\Code\\LiteGraph\\litegraph\\dashboard\\node_modules\\expect\\build\\index.js:326:15)\n    at Object.toHaveClass (C:\\Code\\LiteGraph\\litegraph\\dashboard\\src\\tests\\app\\layout.test.tsx:122:25)\n    at Promise.then.completed (C:\\Code\\LiteGraph\\litegraph\\dashboard\\node_modules\\jest-circus\\build\\utils.js:298:28)\n    at new Promise (<anonymous>)\n    at callAsyncCircusFn (C:\\Code\\LiteGraph\\litegraph\\dashboard\\node_modules\\jest-circus\\build\\utils.js:231:10)\n    at _callCircusTest (C:\\Code\\LiteGraph\\litegraph\\dashboard\\node_modules\\jest-circus\\build\\run.js:316:40)\n    at processTicksAndRejections (node:internal/process/task_queues:103:5)\n    at _runTest (C:\\Code\\LiteGraph\\litegraph\\dashboard\\node_modules\\jest-circus\\build\\run.js:252:3)\n    at _runTestsForDescribeBlock (C:\\Code\\LiteGraph\\litegraph\\dashboard\\node_modules\\jest-circus\\build\\run.js:126:9)\n    at _runTestsForDescribeBlock (C:\\Code\\LiteGraph\\litegraph\\dashboard\\node_modules\\jest-circus\\build\\run.js:121:9)\n    at run (C:\\Code\\LiteGraph\\litegraph\\dashboard\\node_modules\\jest-circus\\build\\run.js:71:3)\n    at runAndTransformResultsToJestFormat (C:\\Code\\LiteGraph\\litegraph\\dashboard\\node_modules\\jest-circus\\build\\legacy-code-todo-rewrite\\jestAdapterInit.js:122:21)\n    at jestAdapter (C:\\Code\\LiteGraph\\litegraph\\dashboard\\node_modules\\jest-circus\\build\\legacy-code-todo-rewrite\\jestAdapter.js:79:19)\n    at runTestInternal (C:\\Code\\LiteGraph\\litegraph\\dashboard\\node_modules\\jest-runner\\build\\runTest.js:367:16)\n    at runTest (C:\\Code\\LiteGraph\\litegraph\\dashboard\\node_modules\\jest-runner\\build\\runTest.js:444:34)\n    at Object.worker (C:\\Code\\LiteGraph\\litegraph\\dashboard\\node_modules\\jest-runner\\build\\testWorker.js:106:12)"],"fullName":"RootLayout Component renders body element with Inter font class","invocations":1,"location":null,"numPassingAsserts":0,"retryReasons":[],"status":"failed","title":"renders body element with Inter font class"},{"ancestorTitles":["RootLayout Component"],"duration":13,"failureDetails":[],"failureMessages":[],"fullName":"RootLayout Component renders AppProviders wrapper with complete provider hierarchy","invocations":1,"location":null,"numPassingAsserts":8,"retryReasons":[],"status":"passed","title":"renders AppProviders wrapper with complete provider hierarchy"},{"ancestorTitles":["RootLayout Component"],"duration":18,"failureDetails":[],"failureMessages":[],"fullName":"RootLayout Component renders children inside AppProviders hierarchy","invocations":1,"location":null,"numPassingAsserts":2,"retryReasons":[],"status":"passed","title":"renders children inside AppProviders hierarchy"},{"ancestorTitles":["RootLayout Component"],"duration":9,"failureDetails":[],"failureMessages":[],"fullName":"RootLayout Component maintains proper provider nesting order","invocations":1,"location":null,"numPassingAsserts":6,"retryReasons":[],"status":"passed","title":"maintains proper provider nesting order"},{"ancestorTitles":["RootLayout Component"],"duration":14,"failureDetails":[],"failureMessages":[],"fullName":"RootLayout Component renders multiple children","invocations":1,"location":null,"numPassingAsserts":3,"retryReasons":[],"status":"passed","title":"renders multiple children"},{"ancestorTitles":["RootLayout Component"],"duration":27,"failureDetails":[],"failureMessages":[],"fullName":"RootLayout Component renders complex nested children","invocations":1,"location":null,"numPassingAsserts":3,"retryReasons":[],"status":"passed","title":"renders complex nested children"},{"ancestorTitles":["RootLayout Component"],"duration":8,"failureDetails":[{"message":"expect(received).toBeInTheDocument()\n\nreceived value must be an HTMLElement or an SVGElement.\nReceived has value: null"}],"failureMessages":["Error: expect(received).toBeInTheDocument()\n\nreceived value must be an HTMLElement or an SVGElement.\nReceived has value: null\n    at __EXTERNAL_MATCHER_TRAP__ (C:\\Code\\LiteGraph\\litegraph\\dashboard\\node_modules\\expect\\build\\index.js:325:30)\n    at Object.throwingMatcher [as toBeInTheDocument] (C:\\Code\\LiteGraph\\litegraph\\dashboard\\node_modules\\expect\\build\\index.js:326:15)\n    at Object.toBeInTheDocument (C:\\Code\\LiteGraph\\litegraph\\dashboard\\src\\tests\\app\\layout.test.tsx:215:45)\n    at Promise.then.completed (C:\\Code\\LiteGraph\\litegraph\\dashboard\\node_modules\\jest-circus\\build\\utils.js:298:28)\n    at new Promise (<anonymous>)\n    at callAsyncCircusFn (C:\\Code\\LiteGraph\\litegraph\\dashboard\\node_modules\\jest-circus\\build\\utils.js:231:10)\n    at _callCircusTest (C:\\Code\\LiteGraph\\litegraph\\dashboard\\node_modules\\jest-circus\\build\\run.js:316:40)\n    at processTicksAndRejections (node:internal/process/task_queues:103:5)\n    at _runTest (C:\\Code\\LiteGraph\\litegraph\\dashboard\\node_modules\\jest-circus\\build\\run.js:252:3)\n    at _runTestsForDescribeBlock (C:\\Code\\LiteGraph\\litegraph\\dashboard\\node_modules\\jest-circus\\build\\run.js:126:9)\n    at _runTestsForDescribeBlock (C:\\Code\\LiteGraph\\litegraph\\dashboard\\node_modules\\jest-circus\\build\\run.js:121:9)\n    at run (C:\\Code\\LiteGraph\\litegraph\\dashboard\\node_modules\\jest-circus\\build\\run.js:71:3)\n    at runAndTransformResultsToJestFormat (C:\\Code\\LiteGraph\\litegraph\\dashboard\\node_modules\\jest-circus\\build\\legacy-code-todo-rewrite\\jestAdapterInit.js:122:21)\n    at jestAdapter (C:\\Code\\LiteGraph\\litegraph\\dashboard\\node_modules\\jest-circus\\build\\legacy-code-todo-rewrite\\jestAdapter.js:79:19)\n    at runTestInternal (C:\\Code\\LiteGraph\\litegraph\\dashboard\\node_modules\\jest-runner\\build\\runTest.js:367:16)\n    at runTest (C:\\Code\\LiteGraph\\litegraph\\dashboard\\node_modules\\jest-runner\\build\\runTest.js:444:34)\n    at Object.worker (C:\\Code\\LiteGraph\\litegraph\\dashboard\\node_modules\\jest-runner\\build\\testWorker.js:106:12)"],"fullName":"RootLayout Component renders empty children","invocations":1,"location":null,"numPassingAsserts":1,"retryReasons":[],"status":"failed","title":"renders empty children"},{"ancestorTitles":["RootLayout Component"],"duration":14,"failureDetails":[],"failureMessages":[],"fullName":"RootLayout Component renders with React fragments as children","invocations":1,"location":null,"numPassingAsserts":2,"retryReasons":[],"status":"passed","title":"renders with React fragments as children"},{"ancestorTitles":["RootLayout Component"],"duration":18,"failureDetails":[{"message":"expect(received).toBeInTheDocument()\n\nreceived value must be an HTMLElement or an SVGElement.\nReceived has value: null"}],"failureMessages":["Error: expect(received).toBeInTheDocument()\n\nreceived value must be an HTMLElement or an SVGElement.\nReceived has value: null\n    at __EXTERNAL_MATCHER_TRAP__ (C:\\Code\\LiteGraph\\litegraph\\dashboard\\node_modules\\expect\\build\\index.js:325:30)\n    at Object.throwingMatcher [as toBeInTheDocument] (C:\\Code\\LiteGraph\\litegraph\\dashboard\\node_modules\\expect\\build\\index.js:326:15)\n    at Object.toBeInTheDocument (C:\\Code\\LiteGraph\\litegraph\\dashboard\\src\\tests\\app\\layout.test.tsx:243:18)\n    at Promise.then.completed (C:\\Code\\LiteGraph\\litegraph\\dashboard\\node_modules\\jest-circus\\build\\utils.js:298:28)\n    at new Promise (<anonymous>)\n    at callAsyncCircusFn (C:\\Code\\LiteGraph\\litegraph\\dashboard\\node_modules\\jest-circus\\build\\utils.js:231:10)\n    at _callCircusTest (C:\\Code\\LiteGraph\\litegraph\\dashboard\\node_modules\\jest-circus\\build\\run.js:316:40)\n    at processTicksAndRejections (node:internal/process/task_queues:103:5)\n    at _runTest (C:\\Code\\LiteGraph\\litegraph\\dashboard\\node_modules\\jest-circus\\build\\run.js:252:3)\n    at _runTestsForDescribeBlock (C:\\Code\\LiteGraph\\litegraph\\dashboard\\node_modules\\jest-circus\\build\\run.js:126:9)\n    at _runTestsForDescribeBlock (C:\\Code\\LiteGraph\\litegraph\\dashboard\\node_modules\\jest-circus\\build\\run.js:121:9)\n    at run (C:\\Code\\LiteGraph\\litegraph\\dashboard\\node_modules\\jest-circus\\build\\run.js:71:3)\n    at runAndTransformResultsToJestFormat (C:\\Code\\LiteGraph\\litegraph\\dashboard\\node_modules\\jest-circus\\build\\legacy-code-todo-rewrite\\jestAdapterInit.js:122:21)\n    at jestAdapter (C:\\Code\\LiteGraph\\litegraph\\dashboard\\node_modules\\jest-circus\\build\\legacy-code-todo-rewrite\\jestAdapter.js:79:19)\n    at runTestInternal (C:\\Code\\LiteGraph\\litegraph\\dashboard\\node_modules\\jest-runner\\build\\runTest.js:367:16)\n    at runTest (C:\\Code\\LiteGraph\\litegraph\\dashboard\\node_modules\\jest-runner\\build\\runTest.js:444:34)\n    at Object.worker (C:\\Code\\LiteGraph\\litegraph\\dashboard\\node_modules\\jest-runner\\build\\testWorker.js:106:12)"],"fullName":"RootLayout Component maintains proper HTML structure","invocations":1,"location":null,"numPassingAsserts":0,"retryReasons":[],"status":"failed","title":"maintains proper HTML structure"},{"ancestorTitles":["RootLayout Component"],"duration":9,"failureDetails":[{"message":"expect(received).toHaveClass()\n\nreceived value must be an HTMLElement or an SVGElement.\nReceived has value: null"}],"failureMessages":["Error: expect(received).toHaveClass()\n\nreceived value must be an HTMLElement or an SVGElement.\nReceived has value: null\n    at __EXTERNAL_MATCHER_TRAP__ (C:\\Code\\LiteGraph\\litegraph\\dashboard\\node_modules\\expect\\build\\index.js:325:30)\n    at Object.throwingMatcher [as toHaveClass] (C:\\Code\\LiteGraph\\litegraph\\dashboard\\node_modules\\expect\\build\\index.js:326:15)\n    at Object.toHaveClass (C:\\Code\\LiteGraph\\litegraph\\dashboard\\src\\tests\\app\\layout.test.tsx:258:18)\n    at Promise.then.completed (C:\\Code\\LiteGraph\\litegraph\\dashboard\\node_modules\\jest-circus\\build\\utils.js:298:28)\n    at new Promise (<anonymous>)\n    at callAsyncCircusFn (C:\\Code\\LiteGraph\\litegraph\\dashboard\\node_modules\\jest-circus\\build\\utils.js:231:10)\n    at _callCircusTest (C:\\Code\\LiteGraph\\litegraph\\dashboard\\node_modules\\jest-circus\\build\\run.js:316:40)\n    at processTicksAndRejections (node:internal/process/task_queues:103:5)\n    at _runTest (C:\\Code\\LiteGraph\\litegraph\\dashboard\\node_modules\\jest-circus\\build\\run.js:252:3)\n    at _runTestsForDescribeBlock (C:\\Code\\LiteGraph\\litegraph\\dashboard\\node_modules\\jest-circus\\build\\run.js:126:9)\n    at _runTestsForDescribeBlock (C:\\Code\\LiteGraph\\litegraph\\dashboard\\node_modules\\jest-circus\\build\\run.js:121:9)\n    at run (C:\\Code\\LiteGraph\\litegraph\\dashboard\\node_modules\\jest-circus\\build\\run.js:71:3)\n    at runAndTransformResultsToJestFormat (C:\\Code\\LiteGraph\\litegraph\\dashboard\\node_modules\\jest-circus\\build\\legacy-code-todo-rewrite\\jestAdapterInit.js:122:21)\n    at jestAdapter (C:\\Code\\LiteGraph\\litegraph\\dashboard\\node_modules\\jest-circus\\build\\legacy-code-todo-rewrite\\jestAdapter.js:79:19)\n    at runTestInternal (C:\\Code\\LiteGraph\\litegraph\\dashboard\\node_modules\\jest-runner\\build\\runTest.js:367:16)\n    at runTest (C:\\Code\\LiteGraph\\litegraph\\dashboard\\node_modules\\jest-runner\\build\\runTest.js:444:34)\n    at Object.worker (C:\\Code\\LiteGraph\\litegraph\\dashboard\\node_modules\\jest-runner\\build\\testWorker.js:106:12)"],"fullName":"RootLayout Component applies correct font styling","invocations":1,"location":null,"numPassingAsserts":0,"retryReasons":[],"status":"failed","title":"applies correct font styling"},{"ancestorTitles":["RootLayout Component"],"duration":7,"failureDetails":[],"failureMessages":[],"fullName":"RootLayout Component renders Toaster component for notifications","invocations":1,"location":null,"numPassingAsserts":1,"retryReasons":[],"status":"passed","title":"renders Toaster component for notifications"},{"ancestorTitles":["RootLayout Component"],"duration":8,"failureDetails":[],"failureMessages":[],"fullName":"RootLayout Component renders AuthLayout wrapper for authentication context","invocations":1,"location":null,"numPassingAsserts":1,"retryReasons":[],"status":"passed","title":"renders AuthLayout wrapper for authentication context"},{"ancestorTitles":["RootLayout Component"],"duration":5,"failureDetails":[],"failureMessages":[],"fullName":"RootLayout Component provides complete application context through providers","invocations":1,"location":null,"numPassingAsserts":5,"retryReasons":[],"status":"passed","title":"provides complete application context through providers"},{"ancestorTitles":["RootLayout Component"],"duration":12,"failureDetails":[],"failureMessages":[],"fullName":"RootLayout Component maintains provider structure across re-renders","invocations":1,"location":null,"numPassingAsserts":3,"retryReasons":[],"status":"passed","title":"maintains provider structure across re-renders"},{"ancestorTitles":["RootLayout Component"],"duration":10,"failureDetails":[],"failureMessages":[],"fullName":"RootLayout Component handles complex nested content within provider hierarchy","invocations":1,"location":null,"numPassingAsserts":4,"retryReasons":[],"status":"passed","title":"handles complex nested content within provider hierarchy"},{"ancestorTitles":["RootLayout Component"],"duration":5,"failureDetails":[],"failureMessages":[],"fullName":"RootLayout Component ensures children are rendered at the correct level in provider hierarchy","invocations":1,"location":null,"numPassingAsserts":2,"retryReasons":[],"status":"passed","title":"ensures children are rendered at the correct level in provider hierarchy"},{"ancestorTitles":["RootLayout Component"],"duration":15,"failureDetails":[],"failureMessages":[],"fullName":"RootLayout Component provides consistent provider structure for different content types","invocations":1,"location":null,"numPassingAsserts":4,"retryReasons":[],"status":"passed","title":"provides consistent provider structure for different content types"},{"ancestorTitles":["RootLayout Component"],"duration":8,"failureDetails":[{"message":"expect(received).toBeInTheDocument()\n\nreceived value must be an HTMLElement or an SVGElement.\nReceived has value: null"}],"failureMessages":["Error: expect(received).toBeInTheDocument()\n\nreceived value must be an HTMLElement or an SVGElement.\nReceived has value: null\n    at __EXTERNAL_MATCHER_TRAP__ (C:\\Code\\LiteGraph\\litegraph\\dashboard\\node_modules\\expect\\build\\index.js:325:30)\n    at Object.throwingMatcher [as toBeInTheDocument] (C:\\Code\\LiteGraph\\litegraph\\dashboard\\node_modules\\expect\\build\\index.js:326:15)\n    at Object.toBeInTheDocument (C:\\Code\\LiteGraph\\litegraph\\dashboard\\src\\tests\\app\\layout.test.tsx:389:18)\n    at Promise.then.completed (C:\\Code\\LiteGraph\\litegraph\\dashboard\\node_modules\\jest-circus\\build\\utils.js:298:28)\n    at new Promise (<anonymous>)\n    at callAsyncCircusFn (C:\\Code\\LiteGraph\\litegraph\\dashboard\\node_modules\\jest-circus\\build\\utils.js:231:10)\n    at _callCircusTest (C:\\Code\\LiteGraph\\litegraph\\dashboard\\node_modules\\jest-circus\\build\\run.js:316:40)\n    at processTicksAndRejections (node:internal/process/task_queues:103:5)\n    at _runTest (C:\\Code\\LiteGraph\\litegraph\\dashboard\\node_modules\\jest-circus\\build\\run.js:252:3)\n    at _runTestsForDescribeBlock (C:\\Code\\LiteGraph\\litegraph\\dashboard\\node_modules\\jest-circus\\build\\run.js:126:9)\n    at _runTestsForDescribeBlock (C:\\Code\\LiteGraph\\litegraph\\dashboard\\node_modules\\jest-circus\\build\\run.js:121:9)\n    at run (C:\\Code\\LiteGraph\\litegraph\\dashboard\\node_modules\\jest-circus\\build\\run.js:71:3)\n    at runAndTransformResultsToJestFormat (C:\\Code\\LiteGraph\\litegraph\\dashboard\\node_modules\\jest-circus\\build\\legacy-code-todo-rewrite\\jestAdapterInit.js:122:21)\n    at jestAdapter (C:\\Code\\LiteGraph\\litegraph\\dashboard\\node_modules\\jest-circus\\build\\legacy-code-todo-rewrite\\jestAdapter.js:79:19)\n    at runTestInternal (C:\\Code\\LiteGraph\\litegraph\\dashboard\\node_modules\\jest-runner\\build\\runTest.js:367:16)\n    at runTest (C:\\Code\\LiteGraph\\litegraph\\dashboard\\node_modules\\jest-runner\\build\\runTest.js:444:34)\n    at Object.worker (C:\\Code\\LiteGraph\\litegraph\\dashboard\\node_modules\\jest-runner\\build\\testWorker.js:106:12)"],"fullName":"RootLayout Component maintains HTML document structure with provider integration","invocations":1,"location":null,"numPassingAsserts":0,"retryReasons":[],"status":"failed","title":"maintains HTML document structure with provider integration"}],"endTime":1770094810143,"message":"  ● RootLayout Component › renders html element with correct lang attribute\n\n    expect(received).toHaveAttribute()\n\n    received value must be an HTMLElement or an SVGElement.\n    Received has value: null\n\n    \u001b[0m \u001b[90m 60 |\u001b[39m\n     \u001b[90m 61 |\u001b[39m     \u001b[36mconst\u001b[39m htmlElement \u001b[33m=\u001b[39m container\u001b[33m.\u001b[39mquerySelector(\u001b[32m'html'\u001b[39m)\u001b[33m;\u001b[39m\n    \u001b[31m\u001b[1m>\u001b[22m\u001b[39m\u001b[90m 62 |\u001b[39m     expect(htmlElement)\u001b[33m.\u001b[39mtoHaveAttribute(\u001b[32m'lang'\u001b[39m\u001b[33m,\u001b[39m \u001b[32m'en'\u001b[39m)\u001b[33m;\u001b[39m\n     \u001b[90m    |\u001b[39m                         \u001b[31m\u001b[1m^\u001b[22m\u001b[39m\n     \u001b[90m 63 |\u001b[39m   })\u001b[33m;\u001b[39m\n     \u001b[90m 64 |\u001b[39m\n     \u001b[90m 65 |\u001b[39m   it(\u001b[32m'renders head element with favicon links'\u001b[39m\u001b[33m,\u001b[39m () \u001b[33m=>\u001b[39m {\u001b[0m\n\n      at __EXTERNAL_MATCHER_TRAP__ (node_modules/expect/build/index.js:325:30)\n      at Object.throwingMatcher (node_modules/expect/build/index.js:326:15)\n      at Object.toHaveAttribute (src/tests/app/layout.test.tsx:62:25)\n\n  ● RootLayout Component › renders head element with favicon links\n\n    expect(received).toBeInTheDocument()\n\n    received value must be an HTMLElement or an SVGElement.\n    Received has value: null\n\n    \u001b[0m \u001b[90m 71 |\u001b[39m\n     \u001b[90m 72 |\u001b[39m     \u001b[36mconst\u001b[39m headElement \u001b[33m=\u001b[39m container\u001b[33m.\u001b[39mquerySelector(\u001b[32m'head'\u001b[39m)\u001b[33m;\u001b[39m\n    \u001b[31m\u001b[1m>\u001b[22m\u001b[39m\u001b[90m 73 |\u001b[39m     expect(headElement)\u001b[33m.\u001b[39mtoBeInTheDocument()\u001b[33m;\u001b[39m\n     \u001b[90m    |\u001b[39m                         \u001b[31m\u001b[1m^\u001b[22m\u001b[39m\n     \u001b[90m 74 |\u001b[39m\n     \u001b[90m 75 |\u001b[39m     \u001b[36mconst\u001b[39m faviconLink \u001b[33m=\u001b[39m container\u001b[33m.\u001b[39mquerySelector(\u001b[32m'link[rel=\"icon\"]'\u001b[39m)\u001b[33m;\u001b[39m\n     \u001b[90m 76 |\u001b[39m     expect(faviconLink)\u001b[33m.\u001b[39mtoHaveAttribute(\u001b[32m'href'\u001b[39m\u001b[33m,\u001b[39m \u001b[32m'/favicon.png'\u001b[39m)\u001b[33m;\u001b[39m\u001b[0m\n\n      at __EXTERNAL_MATCHER_TRAP__ (node_modules/expect/build/index.js:325:30)\n      at Object.throwingMatcher [as toBeInTheDocument] (node_modules/expect/build/index.js:326:15)\n      at Object.toBeInTheDocument (src/tests/app/layout.test.tsx:73:25)\n\n  ● RootLayout Component › renders apple touch icon link\n\n    expect(received).toHaveAttribute()\n\n    received value must be an HTMLElement or an SVGElement.\n    Received has value: null\n\n    \u001b[0m \u001b[90m 86 |\u001b[39m\n     \u001b[90m 87 |\u001b[39m     \u001b[36mconst\u001b[39m appleTouchIcon \u001b[33m=\u001b[39m container\u001b[33m.\u001b[39mquerySelector(\u001b[32m'link[rel=\"apple-touch-icon\"]'\u001b[39m)\u001b[33m;\u001b[39m\n    \u001b[31m\u001b[1m>\u001b[22m\u001b[39m\u001b[90m 88 |\u001b[39m     expect(appleTouchIcon)\u001b[33m.\u001b[39mtoHaveAttribute(\u001b[32m'href'\u001b[39m\u001b[33m,\u001b[39m \u001b[32m'/bombe-icon-3x.png?<generated>'\u001b[39m)\u001b[33m;\u001b[39m\n     \u001b[90m    |\u001b[39m                            \u001b[31m\u001b[1m^\u001b[22m\u001b[39m\n     \u001b[90m 89 |\u001b[39m     expect(appleTouchIcon)\u001b[33m.\u001b[39mtoHaveAttribute(\u001b[32m'type'\u001b[39m\u001b[33m,\u001b[39m \u001b[32m'image/<generated>'\u001b[39m)\u001b[33m;\u001b[39m\n     \u001b[90m 90 |\u001b[39m     expect(appleTouchIcon)\u001b[33m.\u001b[39mtoHaveAttribute(\u001b[32m'sizes'\u001b[39m\u001b[33m,\u001b[39m \u001b[32m'<generated>'\u001b[39m)\u001b[33m;\u001b[39m\n     \u001b[90m 91 |\u001b[39m   })\u001b[33m;\u001b[39m\u001b[0m\n\n      at __EXTERNAL_MATCHER_TRAP__ (node_modules/expect/build/index.js:325:30)\n      at Object.throwingMatcher (node_modules/expect/build/index.js:326:15)\n      at Object.toHaveAttribute (src/tests/app/layout.test.tsx:88:28)\n\n  ● RootLayout Component › renders Google Fonts preconnect links\n\n    expect(received).toHaveLength(expected)\n\n    Expected length: 2\n    Received length: 0\n    Received object: []\n\n    \u001b[0m \u001b[90m  99 |\u001b[39m\n     \u001b[90m 100 |\u001b[39m     \u001b[36mconst\u001b[39m preconnectLinks \u001b[33m=\u001b[39m container\u001b[33m.\u001b[39mquerySelectorAll(\u001b[32m'link[rel=\"preconnect\"]'\u001b[39m)\u001b[33m;\u001b[39m\n    \u001b[31m\u001b[1m>\u001b[22m\u001b[39m\u001b[90m 101 |\u001b[39m     expect(preconnectLinks)\u001b[33m.\u001b[39mtoHaveLength(\u001b[35m2\u001b[39m)\u001b[33m;\u001b[39m\n     \u001b[90m     |\u001b[39m                             \u001b[31m\u001b[1m^\u001b[22m\u001b[39m\n     \u001b[90m 102 |\u001b[39m\n     \u001b[90m 103 |\u001b[39m     \u001b[36mconst\u001b[39m googleFontsLink \u001b[33m=\u001b[39m \u001b[33mArray\u001b[39m\u001b[33m.\u001b[39m\u001b[36mfrom\u001b[39m(preconnectLinks)\u001b[33m.\u001b[39mfind(\n     \u001b[90m 104 |\u001b[39m       (link\u001b[33m:\u001b[39m any) \u001b[33m=>\u001b[39m link\u001b[33m.\u001b[39mgetAttribute(\u001b[32m'href'\u001b[39m) \u001b[33m===\u001b[39m \u001b[32m'https://fonts.googleapis.com'\u001b[39m\u001b[0m\n\n      at Object.toHaveLength (src/tests/app/layout.test.tsx:101:29)\n\n  ● RootLayout Component › renders body element with Inter font class\n\n    expect(received).toHaveClass()\n\n    received value must be an HTMLElement or an SVGElement.\n    Received has value: null\n\n    \u001b[0m \u001b[90m 120 |\u001b[39m\n     \u001b[90m 121 |\u001b[39m     \u001b[36mconst\u001b[39m bodyElement \u001b[33m=\u001b[39m container\u001b[33m.\u001b[39mquerySelector(\u001b[32m'body'\u001b[39m)\u001b[33m;\u001b[39m\n    \u001b[31m\u001b[1m>\u001b[22m\u001b[39m\u001b[90m 122 |\u001b[39m     expect(bodyElement)\u001b[33m.\u001b[39mtoHaveClass(\u001b[32m'inter-font-class'\u001b[39m)\u001b[33m;\u001b[39m\n     \u001b[90m     |\u001b[39m                         \u001b[31m\u001b[1m^\u001b[22m\u001b[39m\n     \u001b[90m 123 |\u001b[39m   })\u001b[33m;\u001b[39m\n     \u001b[90m 124 |\u001b[39m\n     \u001b[90m 125 |\u001b[39m   it(\u001b[32m'renders AppProviders wrapper with complete provider hierarchy'\u001b[39m\u001b[33m,\u001b[39m () \u001b[33m=>\u001b[39m {\u001b[0m\n\n      at __EXTERNAL_MATCHER_TRAP__ (node_modules/expect/build/index.js:325:30)\n      at Object.throwingMatcher [as toHaveClass] (node_modules/expect/build/index.js:326:15)\n      at Object.toHaveClass (src/tests/app/layout.test.tsx:122:25)\n\n  ● RootLayout Component › renders empty children\n\n    expect(received).toBeInTheDocument()\n\n    received value must be an HTMLElement or an SVGElement.\n    Received has value: null\n\n    \u001b[0m \u001b[90m 213 |\u001b[39m\n     \u001b[90m 214 |\u001b[39m     expect(container)\u001b[33m.\u001b[39mtoBeInTheDocument()\u001b[33m;\u001b[39m\n    \u001b[31m\u001b[1m>\u001b[22m\u001b[39m\u001b[90m 215 |\u001b[39m     expect(container\u001b[33m.\u001b[39mquerySelector(\u001b[32m'html'\u001b[39m))\u001b[33m.\u001b[39mtoBeInTheDocument()\u001b[33m;\u001b[39m\n     \u001b[90m     |\u001b[39m                                             \u001b[31m\u001b[1m^\u001b[22m\u001b[39m\n     \u001b[90m 216 |\u001b[39m   })\u001b[33m;\u001b[39m\n     \u001b[90m 217 |\u001b[39m\n     \u001b[90m 218 |\u001b[39m   it(\u001b[32m'renders with React fragments as children'\u001b[39m\u001b[33m,\u001b[39m () \u001b[33m=>\u001b[39m {\u001b[0m\n\n      at __EXTERNAL_MATCHER_TRAP__ (node_modules/expect/build/index.js:325:30)\n      at Object.throwingMatcher [as toBeInTheDocument] (node_modules/expect/build/index.js:326:15)\n      at Object.toBeInTheDocument (src/tests/app/layout.test.tsx:215:45)\n\n  ● RootLayout Component › maintains proper HTML structure\n\n    expect(received).toBeInTheDocument()\n\n    received value must be an HTMLElement or an SVGElement.\n    Received has value: null\n\n    \u001b[0m \u001b[90m 241 |\u001b[39m     \u001b[36mconst\u001b[39m body \u001b[33m=\u001b[39m container\u001b[33m.\u001b[39mquerySelector(\u001b[32m'body'\u001b[39m)\u001b[33m;\u001b[39m\n     \u001b[90m 242 |\u001b[39m\n    \u001b[31m\u001b[1m>\u001b[22m\u001b[39m\u001b[90m 243 |\u001b[39m     expect(html)\u001b[33m.\u001b[39mtoBeInTheDocument()\u001b[33m;\u001b[39m\n     \u001b[90m     |\u001b[39m                  \u001b[31m\u001b[1m^\u001b[22m\u001b[39m\n     \u001b[90m 244 |\u001b[39m     expect(head)\u001b[33m.\u001b[39mtoBeInTheDocument()\u001b[33m;\u001b[39m\n     \u001b[90m 245 |\u001b[39m     expect(body)\u001b[33m.\u001b[39mtoBeInTheDocument()\u001b[33m;\u001b[39m\n     \u001b[90m 246 |\u001b[39m     expect(html)\u001b[33m.\u001b[39mtoContainElement(head)\u001b[33m;\u001b[39m\u001b[0m\n\n      at __EXTERNAL_MATCHER_TRAP__ (node_modules/expect/build/index.js:325:30)\n      at Object.throwingMatcher [as toBeInTheDocument] (node_modules/expect/build/index.js:326:15)\n      at Object.toBeInTheDocument (src/tests/app/layout.test.tsx:243:18)\n\n  ● RootLayout Component › applies correct font styling\n\n    expect(received).toHaveClass()\n\n    received value must be an HTMLElement or an SVGElement.\n    Received has value: null\n\n    \u001b[0m \u001b[90m 256 |\u001b[39m\n     \u001b[90m 257 |\u001b[39m     \u001b[36mconst\u001b[39m body \u001b[33m=\u001b[39m container\u001b[33m.\u001b[39mquerySelector(\u001b[32m'body'\u001b[39m)\u001b[33m;\u001b[39m\n    \u001b[31m\u001b[1m>\u001b[22m\u001b[39m\u001b[90m 258 |\u001b[39m     expect(body)\u001b[33m.\u001b[39mtoHaveClass(\u001b[32m'inter-font-class'\u001b[39m)\u001b[33m;\u001b[39m\n     \u001b[90m     |\u001b[39m                  \u001b[31m\u001b[1m^\u001b[22m\u001b[39m\n     \u001b[90m 259 |\u001b[39m   })\u001b[33m;\u001b[39m\n     \u001b[90m 260 |\u001b[39m\n     \u001b[90m 261 |\u001b[39m   it(\u001b[32m'renders Toaster component for notifications'\u001b[39m\u001b[33m,\u001b[39m () \u001b[33m=>\u001b[39m {\u001b[0m\n\n      at __EXTERNAL_MATCHER_TRAP__ (node_modules/expect/build/index.js:325:30)\n      at Object.throwingMatcher [as toHaveClass] (node_modules/expect/build/index.js:326:15)\n      at Object.toHaveClass (src/tests/app/layout.test.tsx:258:18)\n\n  ● RootLayout Component › maintains HTML document structure with provider integration\n\n    expect(received).toBeInTheDocument()\n\n    received value must be an HTMLElement or an SVGElement.\n    Received has value: null\n\n    \u001b[0m \u001b[90m 387 |\u001b[39m     \u001b[36mconst\u001b[39m appProviders \u001b[33m=\u001b[39m container\u001b[33m.\u001b[39mquerySelector(\u001b[32m'[data-testid=\"app-providers\"]'\u001b[39m)\u001b[33m;\u001b[39m\n     \u001b[90m 388 |\u001b[39m\n    \u001b[31m\u001b[1m>\u001b[22m\u001b[39m\u001b[90m 389 |\u001b[39m     expect(html)\u001b[33m.\u001b[39mtoBeInTheDocument()\u001b[33m;\u001b[39m\n     \u001b[90m     |\u001b[39m                  \u001b[31m\u001b[1m^\u001b[22m\u001b[39m\n     \u001b[90m 390 |\u001b[39m     expect(head)\u001b[33m.\u001b[39mtoBeInTheDocument()\u001b[33m;\u001b[39m\n     \u001b[90m 391 |\u001b[39m     expect(body)\u001b[33m.\u001b[39mtoBeInTheDocument()\u001b[33m;\u001b[39m\n     \u001b[90m 392 |\u001b[39m     expect(appProviders)\u001b[33m.\u001b[39mtoBeInTheDocument()\u001b[33m;\u001b[39m\u001b[0m\n\n      at __EXTERNAL_MATCHER_TRAP__ (node_modules/expect/build/index.js:325:30)\n      at Object.throwingMatcher [as toBeInTheDocument] (node_modules/expect/build/index.js:326:15)\n      at Object.toBeInTheDocument (src/tests/app/layout.test.tsx:389:18)\n","name":"C:\\Code\\LiteGraph\\litegraph\\dashboard\\src\\tests\\app\\layout.test.tsx","startTime":1770094802293,"status":"failed","summary":""},{"assertionResults":[{"ancestorTitles":["HOC Components","withAuth HOC"],"duration":52,"failureDetails":[],"failureMessages":[],"fullName":"HOC Components withAuth HOC renders loading state initially","invocations":1,"location":null,"numPassingAsserts":1,"retryReasons":[],"status":"passed","title":"renders loading state initially"},{"ancestorTitles":["HOC Components","withAuth HOC"],"duration":10,"failureDetails":[],"failureMessages":[],"fullName":"HOC Components withAuth HOC calls logout when no token is present","invocations":1,"location":null,"numPassingAsserts":1,"retryReasons":[],"status":"passed","title":"calls logout when no token is present"},{"ancestorTitles":["HOC Components","withAdminAuth HOC"],"duration":80,"failureDetails":[],"failureMessages":[],"fullName":"HOC Components withAdminAuth HOC renders loading state initially","invocations":1,"location":null,"numPassingAsserts":1,"retryReasons":[],"status":"passed","title":"renders loading state initially"},{"ancestorTitles":["HOC Components","withAdminAuth HOC"],"duration":27,"failureDetails":[],"failureMessages":[],"fullName":"HOC Components withAdminAuth HOC renders wrapped component when admin authentication is valid","invocations":1,"location":null,"numPassingAsserts":2,"retryReasons":[],"status":"passed","title":"renders wrapped component when admin authentication is valid"},{"ancestorTitles":["HOC Components","withAdminAuth HOC"],"duration":46,"failureDetails":[{"name":"TestingLibraryElementError"}],"failureMessages":["Error: Unable to find an element by: [data-testid=\"logout-fallback\"]\n\nIgnored nodes: comments, script, style\n\u001b[36m<body>\u001b[39m\n  \u001b[36m<div>\u001b[39m\n    \u001b[36m<div\u001b[39m\n      \u001b[33mdata-testid\u001b[39m=\u001b[32m\"wrapped-component\"\u001b[39m\n    \u001b[36m>\u001b[39m\n      \u001b[0mMock Component\u001b[0m\n    \u001b[36m</div>\u001b[39m\n  \u001b[36m</div>\u001b[39m\n\u001b[36m</body>\u001b[39m\n    at waitForWrapper (C:\\Code\\LiteGraph\\litegraph\\dashboard\\node_modules\\@testing-library\\dom\\dist\\wait-for.js:163:27)\n    at Object.<anonymous> (C:\\Code\\LiteGraph\\litegraph\\dashboard\\src\\tests\\hoc\\hoc.test.tsx:186:20)\n    at Promise.then.completed (C:\\Code\\LiteGraph\\litegraph\\dashboard\\node_modules\\jest-circus\\build\\utils.js:298:28)\n    at new Promise (<anonymous>)\n    at callAsyncCircusFn (C:\\Code\\LiteGraph\\litegraph\\dashboard\\node_modules\\jest-circus\\build\\utils.js:231:10)\n    at _callCircusTest (C:\\Code\\LiteGraph\\litegraph\\dashboard\\node_modules\\jest-circus\\build\\run.js:316:40)\n    at _runTest (C:\\Code\\LiteGraph\\litegraph\\dashboard\\node_modules\\jest-circus\\build\\run.js:252:3)\n    at _runTestsForDescribeBlock (C:\\Code\\LiteGraph\\litegraph\\dashboard\\node_modules\\jest-circus\\build\\run.js:126:9)\n    at _runTestsForDescribeBlock (C:\\Code\\LiteGraph\\litegraph\\dashboard\\node_modules\\jest-circus\\build\\run.js:121:9)\n    at _runTestsForDescribeBlock (C:\\Code\\LiteGraph\\litegraph\\dashboard\\node_modules\\jest-circus\\build\\run.js:121:9)\n    at run (C:\\Code\\LiteGraph\\litegraph\\dashboard\\node_modules\\jest-circus\\build\\run.js:71:3)\n    at runAndTransformResultsToJestFormat (C:\\Code\\LiteGraph\\litegraph\\dashboard\\node_modules\\jest-circus\\build\\legacy-code-todo-rewrite\\jestAdapterInit.js:122:21)\n    at jestAdapter (C:\\Code\\LiteGraph\\litegraph\\dashboard\\node_modules\\jest-circus\\build\\legacy-code-todo-rewrite\\jestAdapter.js:79:19)\n    at runTestInternal (C:\\Code\\LiteGraph\\litegraph\\dashboard\\node_modules\\jest-runner\\build\\runTest.js:367:16)\n    at runTest (C:\\Code\\LiteGraph\\litegraph\\dashboard\\node_modules\\jest-runner\\build\\runTest.js:444:34)\n    at Object.worker (C:\\Code\\LiteGraph\\litegraph\\dashboard\\node_modules\\jest-runner\\build\\testWorker.js:106:12)"],"fullName":"HOC Components withAdminAuth HOC renders logout fallback with message when no tenants found","invocations":1,"location":null,"numPassingAsserts":0,"retryReasons":[],"status":"failed","title":"renders logout fallback with message when no tenants found"},{"ancestorTitles":["HOC Components","withAdminAuth HOC"],"duration":8,"failureDetails":[],"failureMessages":[],"fullName":"HOC Components withAdminAuth HOC calls logout when getTenants returns null","invocations":1,"location":null,"numPassingAsserts":1,"retryReasons":[],"status":"passed","title":"calls logout when getTenants returns null"},{"ancestorTitles":["HOC Components","withAdminAuth HOC"],"duration":7,"failureDetails":[],"failureMessages":[],"fullName":"HOC Components withAdminAuth HOC calls logout when getTenants throws error","invocations":1,"location":null,"numPassingAsserts":1,"retryReasons":[],"status":"passed","title":"calls logout when getTenants throws error"},{"ancestorTitles":["HOC Components","withAdminAuth HOC"],"duration":9,"failureDetails":[],"failureMessages":[],"fullName":"HOC Components withAdminAuth HOC passes props to wrapped component","invocations":1,"location":null,"numPassingAsserts":1,"retryReasons":[],"status":"passed","title":"passes props to wrapped component"},{"ancestorTitles":["HOC Components","forGuest HOC"],"duration":4,"failureDetails":[],"failureMessages":[],"fullName":"HOC Components forGuest HOC renders null when user is authenticated","invocations":1,"location":null,"numPassingAsserts":1,"retryReasons":[],"status":"passed","title":"renders null when user is authenticated"},{"ancestorTitles":["HOC Components","forGuest HOC"],"duration":2,"failureDetails":[],"failureMessages":[],"fullName":"HOC Components forGuest HOC renders null when admin is authenticated","invocations":1,"location":null,"numPassingAsserts":1,"retryReasons":[],"status":"passed","title":"renders null when admin is authenticated"},{"ancestorTitles":["HOC Components","forGuest HOC"],"duration":4,"failureDetails":[],"failureMessages":[],"fullName":"HOC Components forGuest HOC handles multiple authentication scenarios","invocations":1,"location":null,"numPassingAsserts":1,"retryReasons":[],"status":"passed","title":"handles multiple authentication scenarios"},{"ancestorTitles":["HOC Components","HOC Integration"],"duration":4,"failureDetails":[],"failureMessages":[],"fullName":"HOC Components HOC Integration exports all three HOCs","invocations":1,"location":null,"numPassingAsserts":3,"retryReasons":[],"status":"passed","title":"exports all three HOCs"},{"ancestorTitles":["HOC Components","HOC Integration"],"duration":2,"failureDetails":[],"failureMessages":[],"fullName":"HOC Components HOC Integration returns functions that can wrap components","invocations":1,"location":null,"numPassingAsserts":3,"retryReasons":[],"status":"passed","title":"returns functions that can wrap components"},{"ancestorTitles":["HOC Components","HOC Integration"],"duration":0,"failureDetails":[],"failureMessages":[],"fullName":"HOC Components HOC Integration maintains component identity","invocations":1,"location":null,"numPassingAsserts":3,"retryReasons":[],"status":"passed","title":"maintains component identity"}],"endTime":1770094810179,"message":"  ● HOC Components › withAdminAuth HOC › renders logout fallback with message when no tenants found\n\n    Unable to find an element by: [data-testid=\"logout-fallback\"]\n\n    Ignored nodes: comments, script, style\n    \u001b[36m<body>\u001b[39m\n      \u001b[36m<div>\u001b[39m\n        \u001b[36m<div\u001b[39m\n          \u001b[33mdata-testid\u001b[39m=\u001b[32m\"wrapped-component\"\u001b[39m\n        \u001b[36m>\u001b[39m\n          \u001b[0mMock Component\u001b[0m\n        \u001b[36m</div>\u001b[39m\n      \u001b[36m</div>\u001b[39m\n    \u001b[36m</body>\u001b[39m\n\n    \u001b[0m \u001b[90m 184 |\u001b[39m       \u001b[36mconst\u001b[39m { getByTestId } \u001b[33m=\u001b[39m render(\u001b[33m<\u001b[39m\u001b[33mWrappedComponent\u001b[39m \u001b[33m/\u001b[39m\u001b[33m>\u001b[39m)\u001b[33m;\u001b[39m\n     \u001b[90m 185 |\u001b[39m\n    \u001b[31m\u001b[1m>\u001b[22m\u001b[39m\u001b[90m 186 |\u001b[39m       \u001b[36mawait\u001b[39m waitFor(() \u001b[33m=>\u001b[39m {\n     \u001b[90m     |\u001b[39m                    \u001b[31m\u001b[1m^\u001b[22m\u001b[39m\n     \u001b[90m 187 |\u001b[39m         expect(getByTestId(\u001b[32m'logout-fallback'\u001b[39m))\u001b[33m.\u001b[39mtoBeInTheDocument()\u001b[33m;\u001b[39m\n     \u001b[90m 188 |\u001b[39m       })\u001b[33m;\u001b[39m\n     \u001b[90m 189 |\u001b[39m\u001b[0m\n\n      at waitForWrapper (node_modules/@testing-library/dom/dist/wait-for.js:163:27)\n      at Object.<anonymous> (src/tests/hoc/hoc.test.tsx:186:20)\n","name":"C:\\Code\\LiteGraph\\litegraph\\dashboard\\src\\tests\\hoc\\hoc.test.tsx","startTime":1770094802545,"status":"failed","summary":""},{"assertionResults":[{"ancestorTitles":["GraphLoader3d Component"],"duration":224,"failureDetails":[],"failureMessages":[],"fullName":"GraphLoader3d Component renders without crashing","invocations":1,"location":null,"numPassingAsserts":1,"retryReasons":[],"status":"passed","title":"renders without crashing"},{"ancestorTitles":["GraphLoader3d Component"],"duration":29,"failureDetails":[],"failureMessages":[],"fullName":"GraphLoader3d Component handles node click events correctly","invocations":1,"location":null,"numPassingAsserts":2,"retryReasons":[],"status":"passed","title":"handles node click events correctly"},{"ancestorTitles":["GraphLoader3d Component"],"duration":19,"failureDetails":[],"failureMessages":[],"fullName":"GraphLoader3d Component handles link click events correctly","invocations":1,"location":null,"numPassingAsserts":2,"retryReasons":[],"status":"passed","title":"handles link click events correctly"},{"ancestorTitles":["GraphLoader3d Component"],"duration":14,"failureDetails":[],"failureMessages":[],"fullName":"GraphLoader3d Component filters out edges with invalid source or target nodes","invocations":1,"location":null,"numPassingAsserts":2,"retryReasons":[],"status":"passed","title":"filters out edges with invalid source or target nodes"},{"ancestorTitles":["GraphLoader3d Component"],"duration":33,"failureDetails":[],"failureMessages":[],"fullName":"GraphLoader3d Component clears label refs when graph data changes","invocations":1,"location":null,"numPassingAsserts":1,"retryReasons":[],"status":"passed","title":"clears label refs when graph data changes"},{"ancestorTitles":["GraphLoader3d Component"],"duration":22,"failureDetails":[],"failureMessages":[],"fullName":"GraphLoader3d Component renders with showLabels disabled","invocations":1,"location":null,"numPassingAsserts":1,"retryReasons":[],"status":"passed","title":"renders with showLabels disabled"},{"ancestorTitles":["GraphLoader3d Component"],"duration":12,"failureDetails":[],"failureMessages":[],"fullName":"GraphLoader3d Component handles empty nodes and edges arrays","invocations":1,"location":null,"numPassingAsserts":1,"retryReasons":[],"status":"passed","title":"handles empty nodes and edges arrays"},{"ancestorTitles":["GraphLoader3d Component"],"duration":10,"failureDetails":[],"failureMessages":[],"fullName":"GraphLoader3d Component handles undefined container dimensions","invocations":1,"location":null,"numPassingAsserts":1,"retryReasons":[],"status":"passed","title":"handles undefined container dimensions"},{"ancestorTitles":["GraphLoader3d Component"],"duration":10,"failureDetails":[],"failureMessages":[],"fullName":"GraphLoader3d Component handles null ref","invocations":1,"location":nul
[...]
 \u001b[36m>\u001b[39m\n                \u001b[36m<div\u001b[39m\n                  \u001b[33mclass\u001b[39m=\u001b[32m\"ant-modal-content\"\u001b[39m\n                \u001b[36m>\u001b[39m\n                  \u001b[36m<button\u001b[39m\n                    \u001b[33maria-label\u001b[39m=\u001b[32m\"Close\"\u001b[39m\n                    \u001b[33mclass\u001b[39m=\u001b[32m\"ant-modal-close\"\u001b[39m\n                    \u001b[33mtype\u001b[39m=\u001b[32m\"button\"\u001b[39m\n                  \u001b[36m>\u001b[39m\n                    \u001b[36m<span\u001b[39m\n                      \u001b[33maria-label\u001b[39m=\u001b[32m\"Close\"\u001b[39m\n                      \u001b[33mclass\u001b[39m=\u001b[32m\"ant-modal-close-x\"\u001b[39m\n                    \u001b[36m>\u001b[39m\n                      \u001b[36m<span\u001b[39m\n                        \u001b[33maria-label\u001b[39m=\u001b[32m\"close\"\u001b[39m\n                        \u001b[33mclass\u001b[39m=\u001b[32m\"anticon anticon-close ant-modal-close-icon\"\u001b[39m\n                        \u001b[33mrole\u001b[39m=\u001b[32m\"img\"\u001b[39m\n                      \u001b[36m>\u001b[39m\n                        \u001b[36m<svg\u001b[39m\n                          \u001b[33maria-hidden\u001b[39m=\u001b[32m\"true\"\u001b[39m\n                          \u001b[33mdata-icon\u001b[39m=\u001b[32m\"close\"\u001b[39m\n                          \u001b[33mfill\u001b[39m=\u001b[32m\"currentColor\"\u001b[39m\n                          \u001b[33mfill-rule\u001b[39m=\u001b[32m\"evenodd\"\u001b[39m\n                          \u001b[33mfocusable\u001b[39m=\u001b[32m\"false\"\u001b[39m\n                          \u001b[33mheight\u001b[39m=\u001b[32m\"1em\"\u001b[39m\n                          \u001b[33mviewBox\u001b[39m=\u001b[32m\"64 64 896 896\"\u001b[39m\n                          \u001b[33mwidth\u001b[39m=\u001b[32m\"1em\"\u001b[39m\n                        \u001b[36m>\u001b[39m\n                          \u001b[36m<path\u001b[39m\n                            \u001b[33md\u001b[39m=\u001b[32m\"M799.86 166.31c.02 0 .04.02.08.06l57.69 57.7c.04.03.05.05.06.08a.12.12 0 010 .06c0 .03-.02.05-.06.09L569.93 512l287.7 287.7c.04.04.05.06.06.09a.12.12 0 010 .07c0 .02-.02.04-.06.08l-57.7 57.69c-.03.04-.05.05-.07.06a.12.12 0 01-.07 0c-.03 0-.05-.02-.09-.06L512 569.93l-287.7 287.7c-.04.04-.06.05-.09.06a.12.12 0 01-.07 0c-.02 0-.04-.02-.08-.06l-57.69-57.7c-.04-.03-.05-.05-.06-.07a.12.12 0 010-.07c0-.03.02-.05.06-.09L454.07 512l-287.7-287.7c-.04-.04-.05-.06-.06-.09a.12.12 0 010-.07c0-.02.02-.04.06-.08l57.7-57.69c.03-.04.05-.05.07-.06a.12.12 0 01.07 0c.03 0 .05.02.09.06L512 454.07l287.7-287.7c.04-.04.06-.05.09-.06a.12.12 0 01.07 0z\"\u001b[39m\n                          \u001b[36m/>\u001b[39m\n                        \u001b[36m</svg>\u001b[39m\n                      \u001b[36m</span>\u001b[39m\n                    \u001b[36m</span>\u001b[39m\n                  \u001b[36m</button>\u001b[39m\n                  \u001b[36m<div\u001b[39m\n                    \u001b[33mclass\u001b[39m=\u001b[32m\"ant-modal-header\"\u001b[39m\n                  \u001b[36m>\u001b[39m\n                    \u001b[36m<div\u001b[39m\n                      \u001b[33mclass\u001b[39m=\u001b[32m\"ant-modal-title\"\u001b[39m\n                      \u001b[33mid\u001b[39m=\u001b[32m\"test-id\"\u001b[39m\n                    \u001b[36m>\u001b[39m\n                      \u001b[0mVector Index Configuration\u001b[0m\n                    \u001b[36m</div>\u001b[39m\n                  \u001b[36m</div>\u001b[39m\n                  \u001b[36m<div\u001b[39m\n                    \u001b[33mclass\u001b[39m=\u001b[32m\"ant-modal-body\"\u001b[39m\n                  \u001b[36m>\u001b[39m\n                    \u001b[36m<form\u001b[39m\n                      \u001b[33mclass\u001b[39m=\u001b[32m\"ant-form ant-form-vertical ant-form-hide-required-mark css-dev-only-do-not-override-mncuj7\"\u001b[39m\n                    \u001b[36m>\u001b[39m\n                      \u001b[36m<div\u001b[39m\n                        \u001b[33mstyle\u001b[39m=\u001b[32m\"display: grid; grid-template-columns: 1fr 1fr; gap: 8px;\"\u001b[39m\n                      \u001b[36m>\u001b[39m\n                        \u001b[36m<div\u001b[39m\n                          \u001b[33mclass\u001b[39m=\u001b[32m\"ant-form-item css-dev-only-do-not-override-mncuj7 ant-form-item-has-success ant-form-item-vertical\"\u001b[39m\n                        \u001b[36m>\u001b[39m\n                          \u001b[36m<div\u001b[39m\n                            \u001b[33mclass\u001b[39m=\u001b[32m\"ant-row ant-form-item-row css-dev-only-do-not-override-mncuj7\"\u001b[39m\n                          \u001b[36m>\u001b[39m\n                            \u001b[36m<div\u001b[39m\n                              \u001b[33mclass\u001b[39m=\u001b[32m\"ant-col ant-form-item-label css-dev-only-do-not-override-mncuj7\"\u001b[39m\n                            \u001b[36m>\u001b[39m\n                              \u001b[36m<label\u001b[39m\n                                \u001b[33mclass\u001b[39m=\u001b[32m\"ant-form-item-required-mark-hidden\"\u001b[39m\n                                \u001b[33mfor\u001b[39m=\u001b[32m\"VectorIndexType\"\u001b[39m\n                                \u001b[33mtitle\u001b[39m=\u001b[32m\"Vector Index Type\"\u001b[39m\n                              \u001b[36m>\u001b[39m\n                                \u001b[0mVector Index Type\u001b[0m\n                              \u001b[36m</label>\u001b[39m\n                            \u001b[36m</div>\u001b[39m\n                            \u001b[36m<div\u001b[39m\n                              \u001b[33mclass\u001b[39m=\u001b[32m\"ant-col ant-form-item-control css-dev-only-do-not-override-mncuj7\"\u001b[39m\n                            \u001b[36m>\u001b[39m\n                              \u001b[36m<div\u001b[39m\n                                \u001b[33mclass\u001b[39m=\u001b[32m\"ant-form-item-control-input\"\u001b[39m\n                              \u001b[36m>\u001b[39m\n                                \u001b[36m<div\u001b[39m\n                                  \u001b[33mclass\u001b[39m=\u001b[32m\"ant-form-item-control-input-content\"\u001b[39m\n                                \u001b[36m>\u001b[39m\n                                  \u001b[36m<select>\u001b[39m\n                                    \u001b[36m<option\u001b[39m\n                                      \u001b[33mvalue\u001b[39m=\u001b[32m\"HnswSqlite\"\u001b[39m\n                                    \u001b[36m>\u001b[39m\n                                      \u001b[0mHNSW (Sqlite)\u001b[0m\n                                    \u001b[36m</option>\u001b[39m\n                                    \u001b[36m<option\u001b[39m\n                                      \u001b[33mvalue\u001b[39m=\u001b[32m\"HnswRam\"\u001b[39m\n                                    \u001b[36m>\u001b[39m\n                                      \u001b[0mHNSW (RAM)\u001b[0m\n                                    \u001b[36m</option>\u001b[39m\n                                    \u001b[36m<option\u001b[39m\n                                      \u001b[33mvalue\u001b[39m=\u001b[32m\"None\"\u001b[39m\n                                    \u001b[36m>\u001b[39m\n                                      \u001b[0mNone\u001b[0m\n                                    \u001b[36m</option>\u001b[39m\n                                  \u001b[36m</select>\u001b[39m\n                                \u001b[36m</div>\u001b[39m\n                              \u001b[36m</div>\u001b[39m\n                            \u001b[36m</div>\u001b[39m\n                          \u001b[36m</div>\u001b[39m\n                        \u001b[36m</div>\u001b[39m\n                        \u001b[36m<div\u001b[39m\n                          \u001b[33mclass\u001b[39m=\u001b[32m\"ant-form-item css-dev-only-do-not-override-mncuj7 ant-form-item-has-success ant-form-item-vertical\"\u001b[39m\n                        \u001b[36m>\u001b[3...\n\n    \u001b[0m \u001b[90m 194 |\u001b[39m\n     \u001b[90m 195 |\u001b[39m       \u001b[90m// Check that fields display the configuration values\u001b[39m\n    \u001b[31m\u001b[1m>\u001b[22m\u001b[39m\u001b[90m 196 |\u001b[39m       expect(screen\u001b[33m.\u001b[39mgetByDisplayValue(\u001b[33mVectorIndexType\u001b[39m\u001b[33m.\u001b[39m\u001b[33mHnswRam\u001b[39m))\u001b[33m.\u001b[39mtoBeInTheDocument()\u001b[33m;\u001b[39m\n     \u001b[90m     |\u001b[39m                     \u001b[31m\u001b[1m^\u001b[22m\u001b[39m\n     \u001b[90m 197 |\u001b[39m       expect(screen\u001b[33m.\u001b[39mgetByDisplayValue(\u001b[32m'test.db'\u001b[39m))\u001b[33m.\u001b[39mtoBeInTheDocument()\u001b[33m;\u001b[39m\n     \u001b[90m 198 |\u001b[39m       expect(screen\u001b[33m.\u001b[39mgetByDisplayValue(\u001b[32m'0.5'\u001b[39m))\u001b[33m.\u001b[39mtoBeInTheDocument()\u001b[33m;\u001b[39m\n     \u001b[90m 199 |\u001b[39m       expect(screen\u001b[33m.\u001b[39mgetByDisplayValue(\u001b[32m'768'\u001b[39m))\u001b[33m.\u001b[39mtoBeInTheDocument()\u001b[33m;\u001b[39m\u001b[0m\n\n      at Object.getElementError (node_modules/@testing-library/dom/dist/config.js:37:19)\n      at node_modules/@testing-library/dom/dist/query-helpers.js:76:38\n      at node_modules/@testing-library/dom/dist/query-helpers.js:52:17\n      at node_modules/@testing-library/dom/dist/query-helpers.js:95:19\n      at Object.getByDisplayValue (src/tests/page/graphs/components/EnableVectorIndexModal.test.tsx:196:21)\n","name":"C:\\Code\\LiteGraph\\litegraph\\dashboard\\src\\tests\\page\\graphs\\components\\EnableVectorIndexModal.test.tsx","startTime":1770094803124,"status":"failed","summary":""},{"assertionResults":[{"ancestorTitles":["AddEditEdge"],"duration":669,"failureDetails":[],"failureMessages":[],"fullName":"AddEditEdge handles form validation correctly","invocations":1,"location":null,"numPassingAsserts":1,"retryReasons":[],"status":"passed","title":"handles form validation correctly"},{"ancestorTitles":["AddEditEdge"],"duration":146,"failureDetails":[],"failureMessages":[],"fullName":"AddEditEdge handles edge with old data correctly","invocations":1,"location":null,"numPassingAsserts":1,"retryReasons":[],"status":"passed","title":"handles edge with old data correctly"},{"ancestorTitles":["AddEditEdge"],"duration":139,"failureDetails":[],"failureMessages":[],"fullName":"AddEditEdge handles edge with old data but no GUID","invocations":1,"location":null,"numPassingAsserts":1,"retryReasons":[],"status":"passed","title":"handles edge with old data but no GUID"},{"ancestorTitles":["AddEditEdge"],"duration":119,"failureDetails":[],"failureMessages":[],"fullName":"AddEditEdge handles new edge creation correctly","invocations":1,"location":null,"numPassingAsserts":2,"retryReasons":[],"status":"passed","title":"handles new edge creation correctly"},{"ancestorTitles":["AddEditEdge"],"duration":112,"failureDetails":[],"failureMessages":[],"fullName":"AddEditEdge handles fromNodeGUID prop correctly","invocations":1,"location":null,"numPassingAsserts":1,"retryReasons":[],"status":"passed","title":"handles fromNodeGUID prop correctly"},{"ancestorTitles":["AddEditEdge"],"duration":130,"failureDetails":[],"failureMessages":[],"fullName":"AddEditEdge handles graph prop correctly","invocations":1,"location":null,"numPassingAsserts":1,"retryReasons":[],"status":"passed","title":"handles graph prop correctly"},{"ancestorTitles":["AddEditEdge"],"duration":202,"failureDetails":[],"failureMessages":[],"fullName":"AddEditEdge handles form submission for new edge","invocations":1,"location":null,"numPassingAsserts":1,"retryReasons":[],"status":"passed","title":"handles form submission for new edge"},{"ancestorTitles":["AddEditEdge"],"duration":130,"failureDetails":[],"failureMessages":[],"fullName":"AddEditEdge handles form submission for existing edge","invocations":1,"location":null,"numPassingAsserts":1,"retryReasons":[],"status":"passed","title":"handles form submission for existing edge"},{"ancestorTitles":["AddEditEdge"],"duration":144,"failureDetails":[],"failureMessages":[],"fullName":"AddEditEdge handles local edge update correctly","invocations":1,"location":null,"numPassingAsserts":1,"retryReasons":[],"status":"passed","title":"handles local edge update correctly"},{"ancestorTitles":["AddEditEdge"],"duration":166,"failureDetails":[],"failureMessages":[],"fullName":"AddEditEdge handles form submission error","invocations":1,"location":null,"numPassingAsserts":1,"retryReasons":[],"status":"passed","title":"handles form submission error"},{"ancestorTitles":["AddEditEdge"],"duration":123,"failureDetails":[],"failureMessages":[],"fullName":"AddEditEdge handles form reset correctly","invocations":1,"location":null,"numPassingAsserts":1,"retryReasons":[],"status":"passed","title":"handles form reset correctly"},{"ancestorTitles":["AddEditEdge"],"duration":157,"failureDetails":[],"failureMessages":[],"fullName":"AddEditEdge handles form validation state changes","invocations":1,"location":null,"numPassingAsserts":2,"retryReasons":[],"status":"passed","title":"handles form validation state changes"},{"ancestorTitles":["AddEditEdge"],"duration":83,"failureDetails":[],"failureMessages":[],"fullName":"AddEditEdge handles edge with complex data structure","invocations":1,"location":null,"numPassingAsserts":1,"retryReasons":[],"status":"passed","title":"handles edge with complex data structure"},{"ancestorTitles":["AddEditEdge"],"duration":86,"failureDetails":[],"failureMessages":[],"fullName":"AddEditEdge handles edge with missing optional properties","invocations":1,"location":null,"numPassingAsserts":1,"retryReasons":[],"status":"passed","title":"handles edge with missing optional properties"},{"ancestorTitles":["AddEditEdge"],"duration":81,"failureDetails":[],"failureMessages":[],"fullName":"AddEditEdge handles edge with null/undefined values","invocations":1,"location":null,"numPassingAsserts":1,"retryReasons":[],"status":"passed","title":"handles edge with null/undefined values"},{"ancestorTitles":["AddEditEdge","Component Rendering"],"duration":121,"failureDetails":[],"failureMessages":[],"fullName":"AddEditEdge Component Rendering renders without crashing","invocations":1,"location":null,"numPassingAsserts":1,"retryReasons":[],"status":"passed","title":"renders without crashing"},{"ancestorTitles":["AddEditEdge","Component Rendering"],"duration":100,"failureDetails":[],"failureMessages":[],"fullName":"AddEditEdge Component Rendering renders form elements correctly","invocations":1,"location":null,"numPassingAsserts":4,"retryReasons":[],"status":"passed","title":"renders form elements correctly"},{"ancestorTitles":["AddEditEdge","Component Rendering"],"duration":78,"failureDetails":[],"failureMessages":[],"fullName":"AddEditEdge Component Rendering renders with edge data for editing","invocations":1,"location":null,"numPassingAsserts":2,"retryReasons":[],"status":"passed","title":"renders with edge data for editing"},{"ancestorTitles":["AddEditEdge","Component Rendering"],"duration":73,"failureDetails":[],"failureMessages":[],"fullName":"AddEditEdge Component Rendering renders in readonly mode","invocations":1,"location":null,"numPassingAsserts":1,"retryReasons":[],"status":"passed","title":"renders in readonly mode"},{"ancestorTitles":["AddEditEdge","Component Rendering"],"duration":25,"failureDetails":[],"failureMessages":[],"fullName":"AddEditEdge Component Rendering does not render when modal is not visible","invocations":1,"location":null,"numPassingAsserts":1,"retryReasons":[],"status":"passed","title":"does not render when modal is not visible"},{"ancestorTitles":["AddEditEdge","Modal Actions"],"duration":85,"failureDetails":[],"failureMessages":[],"fullName":"AddEditEdge Modal Actions handles cancel button click","invocations":1,"location":null,"numPassingAsserts":1,"retryReasons":[],"status":"passed","title":"handles cancel button click"},{"ancestorTitles":["AddEditEdge","Modal Actions"],"duration":88,"failureDetails":[],"failureMessages":[],"fullName":"AddEditEdge Modal Actions renders submit button","invocations":1,"location":null,"numPassingAsserts":1,"retryReasons":[],"status":"passed","title":"renders submit button"},{"ancestorTitles":["AddEditEdge","Form Elements"],"duration":102,"failureDetails":[],"failureMessages":[],"fullName":"AddEditEdge Form Elements renders all required form sections","invocations":1,"location":null,"numPassingAsserts":6,"retryReasons":[],"status":"passed","title":"renders all required form sections"},{"ancestorTitles":["AddEditEdge","Form Elements"],"duration":76,"failureDetails":[],"failureMessages":[],"fullName":"AddEditEdge Form Elements renders input elements with correct attributes","invocations":1,"location":null,"numPassingAsserts":2,"retryReasons":[],"status":"passed","title":"renders input elements with correct attributes"},{"ancestorTitles":["AddEditEdge","Form Elements"],"duration":123,"failureDetails":[],"failureMessages":[],"fullName":"AddEditEdge Form Elements handles cost input interaction","invocations":1,"location":null,"numPassingAsserts":1,"retryReasons":[],"status":"passed","title":"handles cost input interaction"},{"ancestorTitles":["AddEditEdge","Props and State"],"duration":183,"failureDetails":[],"failureMessages":[],"fullName":"AddEditEdge Props and State handles different edge types","invocations":1,"location":null,"numPassingAsserts":2,"retryReasons":[],"status":"passed","title":"handles different edge types"},{"ancestorTitles":["AddEditEdge","Props and State"],"duration":73,"failureDetails":[],"failureMessages":[],"fullName":"AddEditEdge Props and State handles fromNodeGUID prop","invocations":1,"location":null,"numPassingAsserts":1,"retryReasons":[],"status":"passed","title":"handles fromNodeGUID prop"},{"ancestorTitles":["AddEditEdge","Props and State"],"duration":92,"failureDetails":[],"failureMessages":[],"fullName":"AddEditEdge Props and State handles currentNodes prop","invocations":1,"location":null,"numPassingAsserts":1,"retryReasons":[],"status":"passed","title":"handles currentNodes prop"},{"ancestorTitles":["AddEditEdge","Component Integration"],"duration":87,"failureDetails":[],"failureMessages":[],"fullName":"AddEditEdge Component Integration integrates with mocked hooks without errors","invocations":1,"location":null,"numPassingAsserts":1,"retryReasons":[],"status":"passed","title":"integrates with mocked hooks without errors"},{"ancestorTitles":["AddEditEdge","Component Integration"],"duration":81,"failureDetails":[],"failureMessages":[],"fullName":"AddEditEdge Component Integration handles edge loading state","invocations":1,"location":null,"numPassingAsserts":1,"retryReasons":[],"status":"passed","title":"handles edge loading state"},{"ancestorTitles":["AddEditEdge","Component Integration"],"duration":149,"failureDetails":[],"failureMessages":[],"fullName":"AddEditEdge Component Integration handles different modal titles based on props","invocations":1,"location":null,"numPassingAsserts":2,"retryReasons":[],"status":"passed","title":"handles different modal titles based on props"},{"ancestorTitles":["AddEditEdge"],"duration":160,"failureDetails":[],"failureMessages":[],"fullName":"AddEditEdge handles form field changes correctly","invocations":1,"location":null,"numPassingAsserts":2,"retryReasons":[],"status":"passed","title":"handles form field changes correctly"},{"ancestorTitles":["AddEditEdge"],"duration":173,"failureDetails":[],"failureMessages":[],"fullName":"AddEditEdge handles form submission with all fields filled","invocations":1,"location":null,"numPassingAsserts":1,"retryReasons":[],"status":"passed","title":"handles form submission with all fields filled"}],"endTime":1770094821529,"message":"","name":"C:\\Code\\LiteGraph\\litegraph\\dashboard\\src\\tests\\page\\edges\\components\\AddEditEdge.test.tsx","startTime":1770094803109,"status":"passed","summary":""}],"wasInterrupted":false}
